2025-05-18 12:16:31,835 - __main__ - INFO - Starting Forex Prediction Bot...
2025-05-18 12:16:32,492 - src.bot - INFO - TelegramBot initialized
2025-05-18 12:16:32,492 - src.bot - INFO - Starting bot...
2025-05-18 12:16:33,004 - httpx - INFO - HTTP Request: POST https://api.telegram.org/bot7667262262:AAFYkfcdd8OZQskNYQPJ9KbVO8rGE3rvouI/getMe "HTTP/1.1 200 OK"
2025-05-18 12:16:33,165 - httpx - INFO - HTTP Request: POST https://api.telegram.org/bot7667262262:AAFYkfcdd8OZQskNYQPJ9KbVO8rGE3rvouI/deleteWebhook "HTTP/1.1 200 OK"
2025-05-18 12:16:33,165 - telegram.ext.Application - INFO - Application started
2025-05-18 12:16:33,645 - httpx - INFO - HTTP Request: POST https://api.telegram.org/bot7667262262:AAFYkfcdd8OZQskNYQPJ9KbVO8rGE3rvouI/getUpdates "HTTP/1.1 200 OK"
2025-05-18 12:16:34,002 - httpx - INFO - HTTP Request: POST https://api.telegram.org/bot7667262262:AAFYkfcdd8OZQskNYQPJ9KbVO8rGE3rvouI/sendMessage "HTTP/1.1 200 OK"
2025-05-18 12:16:43,808 - httpx - INFO - HTTP Request: POST https://api.telegram.org/bot7667262262:AAFYkfcdd8OZQskNYQPJ9KbVO8rGE3rvouI/getUpdates "HTTP/1.1 200 OK"
2025-05-18 12:16:50,003 - httpx - INFO - HTTP Request: POST https://api.telegram.org/bot7667262262:AAFYkfcdd8OZQskNYQPJ9KbVO8rGE3rvouI/getUpdates "HTTP/1.1 200 OK"
2025-05-18 12:16:50,004 - src.model - INFO - Creating new model
2025-05-18 12:16:50,167 - src.model - INFO - Initialized ForexModel for BTCUSD H1
2025-05-18 12:16:50,866 - httpx - INFO - HTTP Request: POST https://api.telegram.org/bot7667262262:AAFYkfcdd8OZQskNYQPJ9KbVO8rGE3rvouI/sendMessage "HTTP/1.1 200 OK"
2025-05-18 12:16:50,868 - src.model - ERROR - Prediction failed: Scaler not fitted. Train model first!
2025-05-18 12:16:51,227 - httpx - INFO - HTTP Request: POST https://api.telegram.org/bot7667262262:AAFYkfcdd8OZQskNYQPJ9KbVO8rGE3rvouI/sendMessage "HTTP/1.1 200 OK"
2025-05-18 12:16:51,570 - httpx - INFO - HTTP Request: POST https://api.telegram.org/bot7667262262:AAFYkfcdd8OZQskNYQPJ9KbVO8rGE3rvouI/deleteMessage "HTTP/1.1 200 OK"
2025-05-18 12:17:00,330 - httpx - INFO - HTTP Request: POST https://api.telegram.org/bot7667262262:AAFYkfcdd8OZQskNYQPJ9KbVO8rGE3rvouI/getUpdates "HTTP/1.1 200 OK"
2025-05-18 12:17:10,489 - httpx - INFO - HTTP Request: POST https://api.telegram.org/bot7667262262:AAFYkfcdd8OZQskNYQPJ9KbVO8rGE3rvouI/getUpdates "HTTP/1.1 200 OK"
2025-05-18 12:17:20,651 - httpx - INFO - HTTP Request: POST https://api.telegram.org/bot7667262262:AAFYkfcdd8OZQskNYQPJ9KbVO8rGE3rvouI/getUpdates "HTTP/1.1 200 OK"
2025-05-18 12:17:30,811 - httpx - INFO - HTTP Request: POST https://api.telegram.org/bot7667262262:AAFYkfcdd8OZQskNYQPJ9KbVO8rGE3rvouI/getUpdates "HTTP/1.1 200 OK"
2025-05-18 12:17:37,331 - httpx - INFO - HTTP Request: POST https://api.telegram.org/bot7667262262:AAFYkfcdd8OZQskNYQPJ9KbVO8rGE3rvouI/getUpdates "HTTP/1.1 200 OK"
2025-05-18 12:17:38,052 - httpx - INFO - HTTP Request: POST https://api.telegram.org/bot7667262262:AAFYkfcdd8OZQskNYQPJ9KbVO8rGE3rvouI/sendMessage "HTTP/1.1 200 OK"
2025-05-18 12:17:44,779 - httpx - INFO - HTTP Request: POST https://api.telegram.org/bot7667262262:AAFYkfcdd8OZQskNYQPJ9KbVO8rGE3rvouI/getUpdates "HTTP/1.1 200 OK"
2025-05-18 12:17:45,438 - httpx - INFO - HTTP Request: POST https://api.telegram.org/bot7667262262:AAFYkfcdd8OZQskNYQPJ9KbVO8rGE3rvouI/sendMessage "HTTP/1.1 200 OK"
2025-05-18 12:17:45,438 - src.model - INFO - Creating new model
2025-05-18 12:17:45,520 - src.model - INFO - Initialized ForexModel for ETHUSD H1
2025-05-18 12:17:45,520 - src.model - INFO - Loading dataset from C:\Users\Administrator\XenfoAi\datasets\forex\ETHUSD.csv
2025-05-18 12:17:54,939 - httpx - INFO - HTTP Request: POST https://api.telegram.org/bot7667262262:AAFYkfcdd8OZQskNYQPJ9KbVO8rGE3rvouI/getUpdates "HTTP/1.1 200 OK"
2025-05-18 12:18:05,098 - httpx - INFO - HTTP Request: POST https://api.telegram.org/bot7667262262:AAFYkfcdd8OZQskNYQPJ9KbVO8rGE3rvouI/getUpdates "HTTP/1.1 200 OK"
2025-05-18 12:18:15,260 - httpx - INFO - HTTP Request: POST https://api.telegram.org/bot7667262262:AAFYkfcdd8OZQskNYQPJ9KbVO8rGE3rvouI/getUpdates "HTTP/1.1 200 OK"
2025-05-18 12:18:25,421 - httpx - INFO - HTTP Request: POST https://api.telegram.org/bot7667262262:AAFYkfcdd8OZQskNYQPJ9KbVO8rGE3rvouI/getUpdates "HTTP/1.1 200 OK"
2025-05-18 12:18:35,582 - httpx - INFO - HTTP Request: POST https://api.telegram.org/bot7667262262:AAFYkfcdd8OZQskNYQPJ9KbVO8rGE3rvouI/getUpdates "HTTP/1.1 200 OK"
2025-05-18 12:18:45,742 - httpx - INFO - HTTP Request: POST https://api.telegram.org/bot7667262262:AAFYkfcdd8OZQskNYQPJ9KbVO8rGE3rvouI/getUpdates "HTTP/1.1 200 OK"
2025-05-18 12:18:55,905 - httpx - INFO - HTTP Request: POST https://api.telegram.org/bot7667262262:AAFYkfcdd8OZQskNYQPJ9KbVO8rGE3rvouI/getUpdates "HTTP/1.1 200 OK"
2025-05-18 12:19:06,070 - httpx - INFO - HTTP Request: POST https://api.telegram.org/bot7667262262:AAFYkfcdd8OZQskNYQPJ9KbVO8rGE3rvouI/getUpdates "HTTP/1.1 200 OK"
2025-05-18 12:19:16,231 - httpx - INFO - HTTP Request: POST https://api.telegram.org/bot7667262262:AAFYkfcdd8OZQskNYQPJ9KbVO8rGE3rvouI/getUpdates "HTTP/1.1 200 OK"
2025-05-18 12:19:26,393 - httpx - INFO - HTTP Request: POST https://api.telegram.org/bot7667262262:AAFYkfcdd8OZQskNYQPJ9KbVO8rGE3rvouI/getUpdates "HTTP/1.1 200 OK"
2025-05-18 12:19:36,573 - httpx - INFO - HTTP Request: POST https://api.telegram.org/bot7667262262:AAFYkfcdd8OZQskNYQPJ9KbVO8rGE3rvouI/getUpdates "HTTP/1.1 200 OK"
2025-05-18 12:19:46,742 - httpx - INFO - HTTP Request: POST https://api.telegram.org/bot7667262262:AAFYkfcdd8OZQskNYQPJ9KbVO8rGE3rvouI/getUpdates "HTTP/1.1 200 OK"
2025-05-18 12:19:56,901 - httpx - INFO - HTTP Request: POST https://api.telegram.org/bot7667262262:AAFYkfcdd8OZQskNYQPJ9KbVO8rGE3rvouI/getUpdates "HTTP/1.1 200 OK"
2025-05-18 12:20:07,062 - httpx - INFO - HTTP Request: POST https://api.telegram.org/bot7667262262:AAFYkfcdd8OZQskNYQPJ9KbVO8rGE3rvouI/getUpdates "HTTP/1.1 200 OK"
2025-05-18 12:20:17,224 - httpx - INFO - HTTP Request: POST https://api.telegram.org/bot7667262262:AAFYkfcdd8OZQskNYQPJ9KbVO8rGE3rvouI/getUpdates "HTTP/1.1 200 OK"
2025-05-18 12:20:27,387 - httpx - INFO - HTTP Request: POST https://api.telegram.org/bot7667262262:AAFYkfcdd8OZQskNYQPJ9KbVO8rGE3rvouI/getUpdates "HTTP/1.1 200 OK"
2025-05-18 12:20:37,549 - httpx - INFO - HTTP Request: POST https://api.telegram.org/bot7667262262:AAFYkfcdd8OZQskNYQPJ9KbVO8rGE3rvouI/getUpdates "HTTP/1.1 200 OK"
2025-05-18 12:20:47,713 - httpx - INFO - HTTP Request: POST https://api.telegram.org/bot7667262262:AAFYkfcdd8OZQskNYQPJ9KbVO8rGE3rvouI/getUpdates "HTTP/1.1 200 OK"
2025-05-18 12:20:57,876 - httpx - INFO - HTTP Request: POST https://api.telegram.org/bot7667262262:AAFYkfcdd8OZQskNYQPJ9KbVO8rGE3rvouI/getUpdates "HTTP/1.1 200 OK"
2025-05-18 12:21:08,058 - httpx - INFO - HTTP Request: POST https://api.telegram.org/bot7667262262:AAFYkfcdd8OZQskNYQPJ9KbVO8rGE3rvouI/getUpdates "HTTP/1.1 200 OK"
2025-05-18 12:21:18,217 - httpx - INFO - HTTP Request: POST https://api.telegram.org/bot7667262262:AAFYkfcdd8OZQskNYQPJ9KbVO8rGE3rvouI/getUpdates "HTTP/1.1 200 OK"
2025-05-18 12:21:28,386 - httpx - INFO - HTTP Request: POST https://api.telegram.org/bot7667262262:AAFYkfcdd8OZQskNYQPJ9KbVO8rGE3rvouI/getUpdates "HTTP/1.1 200 OK"
2025-05-18 12:21:38,550 - httpx - INFO - HTTP Request: POST https://api.telegram.org/bot7667262262:AAFYkfcdd8OZQskNYQPJ9KbVO8rGE3rvouI/getUpdates "HTTP/1.1 200 OK"
2025-05-18 12:21:48,735 - httpx - INFO - HTTP Request: POST https://api.telegram.org/bot7667262262:AAFYkfcdd8OZQskNYQPJ9KbVO8rGE3rvouI/getUpdates "HTTP/1.1 200 OK"
2025-05-18 12:21:58,895 - httpx - INFO - HTTP Request: POST https://api.telegram.org/bot7667262262:AAFYkfcdd8OZQskNYQPJ9KbVO8rGE3rvouI/getUpdates "HTTP/1.1 200 OK"
2025-05-18 12:22:09,057 - httpx - INFO - HTTP Request: POST https://api.telegram.org/bot7667262262:AAFYkfcdd8OZQskNYQPJ9KbVO8rGE3rvouI/getUpdates "HTTP/1.1 200 OK"
2025-05-18 12:22:19,218 - httpx - INFO - HTTP Request: POST https://api.telegram.org/bot7667262262:AAFYkfcdd8OZQskNYQPJ9KbVO8rGE3rvouI/getUpdates "HTTP/1.1 200 OK"
2025-05-18 12:22:29,380 - httpx - INFO - HTTP Request: POST https://api.telegram.org/bot7667262262:AAFYkfcdd8OZQskNYQPJ9KbVO8rGE3rvouI/getUpdates "HTTP/1.1 200 OK"
2025-05-18 12:22:39,545 - httpx - INFO - HTTP Request: POST https://api.telegram.org/bot7667262262:AAFYkfcdd8OZQskNYQPJ9KbVO8rGE3rvouI/getUpdates "HTTP/1.1 200 OK"
2025-05-18 12:22:49,709 - httpx - INFO - HTTP Request: POST https://api.telegram.org/bot7667262262:AAFYkfcdd8OZQskNYQPJ9KbVO8rGE3rvouI/getUpdates "HTTP/1.1 200 OK"
2025-05-18 12:22:59,871 - httpx - INFO - HTTP Request: POST https://api.telegram.org/bot7667262262:AAFYkfcdd8OZQskNYQPJ9KbVO8rGE3rvouI/getUpdates "HTTP/1.1 200 OK"
2025-05-18 12:23:10,036 - httpx - INFO - HTTP Request: POST https://api.telegram.org/bot7667262262:AAFYkfcdd8OZQskNYQPJ9KbVO8rGE3rvouI/getUpdates "HTTP/1.1 200 OK"
2025-05-18 12:23:20,204 - httpx - INFO - HTTP Request: POST https://api.telegram.org/bot7667262262:AAFYkfcdd8OZQskNYQPJ9KbVO8rGE3rvouI/getUpdates "HTTP/1.1 200 OK"
2025-05-18 12:23:30,365 - httpx - INFO - HTTP Request: POST https://api.telegram.org/bot7667262262:AAFYkfcdd8OZQskNYQPJ9KbVO8rGE3rvouI/getUpdates "HTTP/1.1 200 OK"
2025-05-18 12:23:40,551 - httpx - INFO - HTTP Request: POST https://api.telegram.org/bot7667262262:AAFYkfcdd8OZQskNYQPJ9KbVO8rGE3rvouI/getUpdates "HTTP/1.1 200 OK"
2025-05-18 12:23:50,712 - httpx - INFO - HTTP Request: POST https://api.telegram.org/bot7667262262:AAFYkfcdd8OZQskNYQPJ9KbVO8rGE3rvouI/getUpdates "HTTP/1.1 200 OK"
2025-05-18 12:24:00,875 - httpx - INFO - HTTP Request: POST https://api.telegram.org/bot7667262262:AAFYkfcdd8OZQskNYQPJ9KbVO8rGE3rvouI/getUpdates "HTTP/1.1 200 OK"
2025-05-18 12:24:11,040 - httpx - INFO - HTTP Request: POST https://api.telegram.org/bot7667262262:AAFYkfcdd8OZQskNYQPJ9KbVO8rGE3rvouI/getUpdates "HTTP/1.1 200 OK"
2025-05-18 12:24:21,203 - httpx - INFO - HTTP Request: POST https://api.telegram.org/bot7667262262:AAFYkfcdd8OZQskNYQPJ9KbVO8rGE3rvouI/getUpdates "HTTP/1.1 200 OK"
2025-05-18 12:24:31,364 - httpx - INFO - HTTP Request: POST https://api.telegram.org/bot7667262262:AAFYkfcdd8OZQskNYQPJ9KbVO8rGE3rvouI/getUpdates "HTTP/1.1 200 OK"
2025-05-18 12:24:41,527 - httpx - INFO - HTTP Request: POST https://api.telegram.org/bot7667262262:AAFYkfcdd8OZQskNYQPJ9KbVO8rGE3rvouI/getUpdates "HTTP/1.1 200 OK"
2025-05-18 12:24:51,688 - httpx - INFO - HTTP Request: POST https://api.telegram.org/bot7667262262:AAFYkfcdd8OZQskNYQPJ9KbVO8rGE3rvouI/getUpdates "HTTP/1.1 200 OK"
2025-05-18 12:25:01,850 - httpx - INFO - HTTP Request: POST https://api.telegram.org/bot7667262262:AAFYkfcdd8OZQskNYQPJ9KbVO8rGE3rvouI/getUpdates "HTTP/1.1 200 OK"
2025-05-18 12:25:12,032 - httpx - INFO - HTTP Request: POST https://api.telegram.org/bot7667262262:AAFYkfcdd8OZQskNYQPJ9KbVO8rGE3rvouI/getUpdates "HTTP/1.1 200 OK"
2025-05-18 12:25:22,194 - httpx - INFO - HTTP Request: POST https://api.telegram.org/bot7667262262:AAFYkfcdd8OZQskNYQPJ9KbVO8rGE3rvouI/getUpdates "HTTP/1.1 200 OK"
2025-05-18 12:25:32,357 - httpx - INFO - HTTP Request: POST https://api.telegram.org/bot7667262262:AAFYkfcdd8OZQskNYQPJ9KbVO8rGE3rvouI/getUpdates "HTTP/1.1 200 OK"
2025-05-18 12:25:42,524 - httpx - INFO - HTTP Request: POST https://api.telegram.org/bot7667262262:AAFYkfcdd8OZQskNYQPJ9KbVO8rGE3rvouI/getUpdates "HTTP/1.1 200 OK"
2025-05-18 12:25:52,682 - httpx - INFO - HTTP Request: POST https://api.telegram.org/bot7667262262:AAFYkfcdd8OZQskNYQPJ9KbVO8rGE3rvouI/getUpdates "HTTP/1.1 200 OK"
2025-05-18 12:26:02,845 - httpx - INFO - HTTP Request: POST https://api.telegram.org/bot7667262262:AAFYkfcdd8OZQskNYQPJ9KbVO8rGE3rvouI/getUpdates "HTTP/1.1 200 OK"
2025-05-18 12:26:13,004 - httpx - INFO - HTTP Request: POST https://api.telegram.org/bot7667262262:AAFYkfcdd8OZQskNYQPJ9KbVO8rGE3rvouI/getUpdates "HTTP/1.1 200 OK"
2025-05-18 12:26:23,178 - httpx - INFO - HTTP Request: POST https://api.telegram.org/bot7667262262:AAFYkfcdd8OZQskNYQPJ9KbVO8rGE3rvouI/getUpdates "HTTP/1.1 200 OK"
2025-05-18 12:26:33,349 - httpx - INFO - HTTP Request: POST https://api.telegram.org/bot7667262262:AAFYkfcdd8OZQskNYQPJ9KbVO8rGE3rvouI/getUpdates "HTTP/1.1 200 OK"
2025-05-18 12:26:43,522 - httpx - INFO - HTTP Request: POST https://api.telegram.org/bot7667262262:AAFYkfcdd8OZQskNYQPJ9KbVO8rGE3rvouI/getUpdates "HTTP/1.1 200 OK"
2025-05-18 12:26:53,685 - httpx - INFO - HTTP Request: POST https://api.telegram.org/bot7667262262:AAFYkfcdd8OZQskNYQPJ9KbVO8rGE3rvouI/getUpdates "HTTP/1.1 200 OK"
2025-05-18 12:27:03,852 - httpx - INFO - HTTP Request: POST https://api.telegram.org/bot7667262262:AAFYkfcdd8OZQskNYQPJ9KbVO8rGE3rvouI/getUpdates "HTTP/1.1 200 OK"
2025-05-18 12:27:14,017 - httpx - INFO - HTTP Request: POST https://api.telegram.org/bot7667262262:AAFYkfcdd8OZQskNYQPJ9KbVO8rGE3rvouI/getUpdates "HTTP/1.1 200 OK"
2025-05-18 12:27:24,185 - httpx - INFO - HTTP Request: POST https://api.telegram.org/bot7667262262:AAFYkfcdd8OZQskNYQPJ9KbVO8rGE3rvouI/getUpdates "HTTP/1.1 200 OK"
2025-05-18 12:27:34,347 - httpx - INFO - HTTP Request: POST https://api.telegram.org/bot7667262262:AAFYkfcdd8OZQskNYQPJ9KbVO8rGE3rvouI/getUpdates "HTTP/1.1 200 OK"
2025-05-18 12:27:44,510 - httpx - INFO - HTTP Request: POST https://api.telegram.org/bot7667262262:AAFYkfcdd8OZQskNYQPJ9KbVO8rGE3rvouI/getUpdates "HTTP/1.1 200 OK"
2025-05-18 12:27:54,671 - httpx - INFO - HTTP Request: POST https://api.telegram.org/bot7667262262:AAFYkfcdd8OZQskNYQPJ9KbVO8rGE3rvouI/getUpdates "HTTP/1.1 200 OK"
2025-05-18 12:28:04,833 - httpx - INFO - HTTP Request: POST https://api.telegram.org/bot7667262262:AAFYkfcdd8OZQskNYQPJ9KbVO8rGE3rvouI/getUpdates "HTTP/1.1 200 OK"
2025-05-18 12:28:14,995 - httpx - INFO - HTTP Request: POST https://api.telegram.org/bot7667262262:AAFYkfcdd8OZQskNYQPJ9KbVO8rGE3rvouI/getUpdates "HTTP/1.1 200 OK"
2025-05-18 12:28:25,157 - httpx - INFO - HTTP Request: POST https://api.telegram.org/bot7667262262:AAFYkfcdd8OZQskNYQPJ9KbVO8rGE3rvouI/getUpdates "HTTP/1.1 200 OK"
2025-05-18 12:28:35,323 - httpx - INFO - HTTP Request: POST https://api.telegram.org/bot7667262262:AAFYkfcdd8OZQskNYQPJ9KbVO8rGE3rvouI/getUpdates "HTTP/1.1 200 OK"
2025-05-18 12:28:45,484 - httpx - INFO - HTTP Request: POST https://api.telegram.org/bot7667262262:AAFYkfcdd8OZQskNYQPJ9KbVO8rGE3rvouI/getUpdates "HTTP/1.1 200 OK"
2025-05-18 12:28:55,655 - httpx - INFO - HTTP Request: POST https://api.telegram.org/bot7667262262:AAFYkfcdd8OZQskNYQPJ9KbVO8rGE3rvouI/getUpdates "HTTP/1.1 200 OK"
2025-05-18 12:29:05,820 - httpx - INFO - HTTP Request: POST https://api.telegram.org/bot7667262262:AAFYkfcdd8OZQskNYQPJ9KbVO8rGE3rvouI/getUpdates "HTTP/1.1 200 OK"
2025-05-18 12:29:15,983 - httpx - INFO - HTTP Request: POST https://api.telegram.org/bot7667262262:AAFYkfcdd8OZQskNYQPJ9KbVO8rGE3rvouI/getUpdates "HTTP/1.1 200 OK"
2025-05-18 12:29:26,143 - httpx - INFO - HTTP Request: POST https://api.telegram.org/bot7667262262:AAFYkfcdd8OZQskNYQPJ9KbVO8rGE3rvouI/getUpdates "HTTP/1.1 200 OK"
2025-05-18 12:29:36,307 - httpx - INFO - HTTP Request: POST https://api.telegram.org/bot7667262262:AAFYkfcdd8OZQskNYQPJ9KbVO8rGE3rvouI/getUpdates "HTTP/1.1 200 OK"
2025-05-18 12:29:46,467 - httpx - INFO - HTTP Request: POST https://api.telegram.org/bot7667262262:AAFYkfcdd8OZQskNYQPJ9KbVO8rGE3rvouI/getUpdates "HTTP/1.1 200 OK"
2025-05-18 12:29:56,626 - httpx - INFO - HTTP Request: POST https://api.telegram.org/bot7667262262:AAFYkfcdd8OZQskNYQPJ9KbVO8rGE3rvouI/getUpdates "HTTP/1.1 200 OK"
2025-05-18 12:30:06,787 - httpx - INFO - HTTP Request: POST https://api.telegram.org/bot7667262262:AAFYkfcdd8OZQskNYQPJ9KbVO8rGE3rvouI/getUpdates "HTTP/1.1 200 OK"
2025-05-18 12:30:16,950 - httpx - INFO - HTTP Request: POST https://api.telegram.org/bot7667262262:AAFYkfcdd8OZQskNYQPJ9KbVO8rGE3rvouI/getUpdates "HTTP/1.1 200 OK"
2025-05-18 12:30:27,112 - httpx - INFO - HTTP Request: POST https://api.telegram.org/bot7667262262:AAFYkfcdd8OZQskNYQPJ9KbVO8rGE3rvouI/getUpdates "HTTP/1.1 200 OK"
2025-05-18 12:30:37,271 - httpx - INFO - HTTP Request: POST https://api.telegram.org/bot7667262262:AAFYkfcdd8OZQskNYQPJ9KbVO8rGE3rvouI/getUpdates "HTTP/1.1 200 OK"
2025-05-18 12:30:47,431 - httpx - INFO - HTTP Request: POST https://api.telegram.org/bot7667262262:AAFYkfcdd8OZQskNYQPJ9KbVO8rGE3rvouI/getUpdates "HTTP/1.1 200 OK"
2025-05-18 12:30:57,595 - httpx - INFO - HTTP Request: POST https://api.telegram.org/bot7667262262:AAFYkfcdd8OZQskNYQPJ9KbVO8rGE3rvouI/getUpdates "HTTP/1.1 200 OK"
2025-05-18 12:31:07,758 - httpx - INFO - HTTP Request: POST https://api.telegram.org/bot7667262262:AAFYkfcdd8OZQskNYQPJ9KbVO8rGE3rvouI/getUpdates "HTTP/1.1 200 OK"
2025-05-18 12:31:17,922 - httpx - INFO - HTTP Request: POST https://api.telegram.org/bot7667262262:AAFYkfcdd8OZQskNYQPJ9KbVO8rGE3rvouI/getUpdates "HTTP/1.1 200 OK"
2025-05-18 12:31:28,082 - httpx - INFO - HTTP Request: POST https://api.telegram.org/bot7667262262:AAFYkfcdd8OZQskNYQPJ9KbVO8rGE3rvouI/getUpdates "HTTP/1.1 200 OK"
2025-05-18 12:31:38,246 - httpx - INFO - HTTP Request: POST https://api.telegram.org/bot7667262262:AAFYkfcdd8OZQskNYQPJ9KbVO8rGE3rvouI/getUpdates "HTTP/1.1 200 OK"
2025-05-18 12:31:48,409 - httpx - INFO - HTTP Request: POST https://api.telegram.org/bot7667262262:AAFYkfcdd8OZQskNYQPJ9KbVO8rGE3rvouI/getUpdates "HTTP/1.1 200 OK"
2025-05-18 12:31:58,572 - httpx - INFO - HTTP Request: POST https://api.telegram.org/bot7667262262:AAFYkfcdd8OZQskNYQPJ9KbVO8rGE3rvouI/getUpdates "HTTP/1.1 200 OK"
2025-05-18 12:32:08,735 - httpx - INFO - HTTP Request: POST https://api.telegram.org/bot7667262262:AAFYkfcdd8OZQskNYQPJ9KbVO8rGE3rvouI/getUpdates "HTTP/1.1 200 OK"
2025-05-18 12:32:18,898 - httpx - INFO - HTTP Request: POST https://api.telegram.org/bot7667262262:AAFYkfcdd8OZQskNYQPJ9KbVO8rGE3rvouI/getUpdates "HTTP/1.1 200 OK"
2025-05-18 12:32:29,058 - httpx - INFO - HTTP Request: POST https://api.telegram.org/bot7667262262:AAFYkfcdd8OZQskNYQPJ9KbVO8rGE3rvouI/getUpdates "HTTP/1.1 200 OK"
2025-05-18 12:32:39,220 - httpx - INFO - HTTP Request: POST https://api.telegram.org/bot7667262262:AAFYkfcdd8OZQskNYQPJ9KbVO8rGE3rvouI/getUpdates "HTTP/1.1 200 OK"
2025-05-18 12:32:49,383 - httpx - INFO - HTTP Request: POST https://api.telegram.org/bot7667262262:AAFYkfcdd8OZQskNYQPJ9KbVO8rGE3rvouI/getUpdates "HTTP/1.1 200 OK"
2025-05-18 12:32:59,543 - httpx - INFO - HTTP Request: POST https://api.telegram.org/bot7667262262:AAFYkfcdd8OZQskNYQPJ9KbVO8rGE3rvouI/getUpdates "HTTP/1.1 200 OK"
2025-05-18 12:33:09,703 - httpx - INFO - HTTP Request: POST https://api.telegram.org/bot7667262262:AAFYkfcdd8OZQskNYQPJ9KbVO8rGE3rvouI/getUpdates "HTTP/1.1 200 OK"
2025-05-18 12:33:20,187 - httpx - INFO - HTTP Request: POST https://api.telegram.org/bot7667262262:AAFYkfcdd8OZQskNYQPJ9KbVO8rGE3rvouI/getUpdates "HTTP/1.1 200 OK"
2025-05-18 12:33:30,351 - httpx - INFO - HTTP Request: POST https://api.telegram.org/bot7667262262:AAFYkfcdd8OZQskNYQPJ9KbVO8rGE3rvouI/getUpdates "HTTP/1.1 200 OK"
2025-05-18 12:33:40,512 - httpx - INFO - HTTP Request: POST https://api.telegram.org/bot7667262262:AAFYkfcdd8OZQskNYQPJ9KbVO8rGE3rvouI/getUpdates "HTTP/1.1 200 OK"
2025-05-18 12:33:50,672 - httpx - INFO - HTTP Request: POST https://api.telegram.org/bot7667262262:AAFYkfcdd8OZQskNYQPJ9KbVO8rGE3rvouI/getUpdates "HTTP/1.1 200 OK"
2025-05-18 12:34:00,835 - httpx - INFO - HTTP Request: POST https://api.telegram.org/bot7667262262:AAFYkfcdd8OZQskNYQPJ9KbVO8rGE3rvouI/getUpdates "HTTP/1.1 200 OK"
2025-05-18 12:34:10,999 - httpx - INFO - HTTP Request: POST https://api.telegram.org/bot7667262262:AAFYkfcdd8OZQskNYQPJ9KbVO8rGE3rvouI/getUpdates "HTTP/1.1 200 OK"
2025-05-18 12:34:21,159 - httpx - INFO - HTTP Request: POST https://api.telegram.org/bot7667262262:AAFYkfcdd8OZQskNYQPJ9KbVO8rGE3rvouI/getUpdates "HTTP/1.1 200 OK"
2025-05-18 12:34:31,320 - httpx - INFO - HTTP Request: POST https://api.telegram.org/bot7667262262:AAFYkfcdd8OZQskNYQPJ9KbVO8rGE3rvouI/getUpdates "HTTP/1.1 200 OK"
2025-05-18 12:34:41,480 - httpx - INFO - HTTP Request: POST https://api.telegram.org/bot7667262262:AAFYkfcdd8OZQskNYQPJ9KbVO8rGE3rvouI/getUpdates "HTTP/1.1 200 OK"
2025-05-18 12:34:51,641 - httpx - INFO - HTTP Request: POST https://api.telegram.org/bot7667262262:AAFYkfcdd8OZQskNYQPJ9KbVO8rGE3rvouI/getUpdates "HTTP/1.1 200 OK"
2025-05-18 12:35:01,802 - httpx - INFO - HTTP Request: POST https://api.telegram.org/bot7667262262:AAFYkfcdd8OZQskNYQPJ9KbVO8rGE3rvouI/getUpdates "HTTP/1.1 200 OK"
2025-05-18 12:35:11,962 - httpx - INFO - HTTP Request: POST https://api.telegram.org/bot7667262262:AAFYkfcdd8OZQskNYQPJ9KbVO8rGE3rvouI/getUpdates "HTTP/1.1 200 OK"
2025-05-18 12:35:22,123 - httpx - INFO - HTTP Request: POST https://api.telegram.org/bot7667262262:AAFYkfcdd8OZQskNYQPJ9KbVO8rGE3rvouI/getUpdates "HTTP/1.1 200 OK"
2025-05-18 12:35:32,283 - httpx - INFO - HTTP Request: POST https://api.telegram.org/bot7667262262:AAFYkfcdd8OZQskNYQPJ9KbVO8rGE3rvouI/getUpdates "HTTP/1.1 200 OK"
2025-05-18 12:35:42,445 - httpx - INFO - HTTP Request: POST https://api.telegram.org/bot7667262262:AAFYkfcdd8OZQskNYQPJ9KbVO8rGE3rvouI/getUpdates "HTTP/1.1 200 OK"
2025-05-18 12:35:52,606 - httpx - INFO - HTTP Request: POST https://api.telegram.org/bot7667262262:AAFYkfcdd8OZQskNYQPJ9KbVO8rGE3rvouI/getUpdates "HTTP/1.1 200 OK"
2025-05-18 12:36:02,768 - httpx - INFO - HTTP Request: POST https://api.telegram.org/bot7667262262:AAFYkfcdd8OZQskNYQPJ9KbVO8rGE3rvouI/getUpdates "HTTP/1.1 200 OK"
2025-05-18 12:36:12,929 - httpx - INFO - HTTP Request: POST https://api.telegram.org/bot7667262262:AAFYkfcdd8OZQskNYQPJ9KbVO8rGE3rvouI/getUpdates "HTTP/1.1 200 OK"
2025-05-18 12:36:23,090 - httpx - INFO - HTTP Request: POST https://api.telegram.org/bot7667262262:AAFYkfcdd8OZQskNYQPJ9KbVO8rGE3rvouI/getUpdates "HTTP/1.1 200 OK"
2025-05-18 12:36:33,250 - httpx - INFO - HTTP Request: POST https://api.telegram.org/bot7667262262:AAFYkfcdd8OZQskNYQPJ9KbVO8rGE3rvouI/getUpdates "HTTP/1.1 200 OK"
2025-05-18 12:36:43,409 - httpx - INFO - HTTP Request: POST https://api.telegram.org/bot7667262262:AAFYkfcdd8OZQskNYQPJ9KbVO8rGE3rvouI/getUpdates "HTTP/1.1 200 OK"
2025-05-18 12:36:53,571 - httpx - INFO - HTTP Request: POST https://api.telegram.org/bot7667262262:AAFYkfcdd8OZQskNYQPJ9KbVO8rGE3rvouI/getUpdates "HTTP/1.1 200 OK"
2025-05-18 12:37:03,730 - httpx - INFO - HTTP Request: POST https://api.telegram.org/bot7667262262:AAFYkfcdd8OZQskNYQPJ9KbVO8rGE3rvouI/getUpdates "HTTP/1.1 200 OK"
2025-05-18 12:37:13,891 - httpx - INFO - HTTP Request: POST https://api.telegram.org/bot7667262262:AAFYkfcdd8OZQskNYQPJ9KbVO8rGE3rvouI/getUpdates "HTTP/1.1 200 OK"
2025-05-18 12:37:24,053 - httpx - INFO - HTTP Request: POST https://api.telegram.org/bot7667262262:AAFYkfcdd8OZQskNYQPJ9KbVO8rGE3rvouI/getUpdates "HTTP/1.1 200 OK"
2025-05-18 12:37:34,212 - httpx - INFO - HTTP Request: POST https://api.telegram.org/bot7667262262:AAFYkfcdd8OZQskNYQPJ9KbVO8rGE3rvouI/getUpdates "HTTP/1.1 200 OK"
2025-05-18 12:37:44,374 - httpx - INFO - HTTP Request: POST https://api.telegram.org/bot7667262262:AAFYkfcdd8OZQskNYQPJ9KbVO8rGE3rvouI/getUpdates "HTTP/1.1 200 OK"
2025-05-18 12:37:54,535 - httpx - INFO - HTTP Request: POST https://api.telegram.org/bot7667262262:AAFYkfcdd8OZQskNYQPJ9KbVO8rGE3rvouI/getUpdates "HTTP/1.1 200 OK"
2025-05-18 12:38:04,694 - httpx - INFO - HTTP Request: POST https://api.telegram.org/bot7667262262:AAFYkfcdd8OZQskNYQPJ9KbVO8rGE3rvouI/getUpdates "HTTP/1.1 200 OK"
2025-05-18 12:38:14,855 - httpx - INFO - HTTP Request: POST https://api.telegram.org/bot7667262262:AAFYkfcdd8OZQskNYQPJ9KbVO8rGE3rvouI/getUpdates "HTTP/1.1 200 OK"
2025-05-18 12:38:25,016 - httpx - INFO - HTTP Request: POST https://api.telegram.org/bot7667262262:AAFYkfcdd8OZQskNYQPJ9KbVO8rGE3rvouI/getUpdates "HTTP/1.1 200 OK"
2025-05-18 12:38:35,175 - httpx - INFO - HTTP Request: POST https://api.telegram.org/bot7667262262:AAFYkfcdd8OZQskNYQPJ9KbVO8rGE3rvouI/getUpdates "HTTP/1.1 200 OK"
2025-05-18 12:38:45,335 - httpx - INFO - HTTP Request: POST https://api.telegram.org/bot7667262262:AAFYkfcdd8OZQskNYQPJ9KbVO8rGE3rvouI/getUpdates "HTTP/1.1 200 OK"
2025-05-18 12:38:55,497 - httpx - INFO - HTTP Request: POST https://api.telegram.org/bot7667262262:AAFYkfcdd8OZQskNYQPJ9KbVO8rGE3rvouI/getUpdates "HTTP/1.1 200 OK"
2025-05-18 12:39:05,658 - httpx - INFO - HTTP Request: POST https://api.telegram.org/bot7667262262:AAFYkfcdd8OZQskNYQPJ9KbVO8rGE3rvouI/getUpdates "HTTP/1.1 200 OK"
2025-05-18 12:39:15,819 - httpx - INFO - HTTP Request: POST https://api.telegram.org/bot7667262262:AAFYkfcdd8OZQskNYQPJ9KbVO8rGE3rvouI/getUpdates "HTTP/1.1 200 OK"
2025-05-18 12:39:25,981 - httpx - INFO - HTTP Request: POST https://api.telegram.org/bot7667262262:AAFYkfcdd8OZQskNYQPJ9KbVO8rGE3rvouI/getUpdates "HTTP/1.1 200 OK"
2025-05-18 12:39:36,139 - httpx - INFO - HTTP Request: POST https://api.telegram.org/bot7667262262:AAFYkfcdd8OZQskNYQPJ9KbVO8rGE3rvouI/getUpdates "HTTP/1.1 200 OK"
2025-05-18 12:39:46,300 - httpx - INFO - HTTP Request: POST https://api.telegram.org/bot7667262262:AAFYkfcdd8OZQskNYQPJ9KbVO8rGE3rvouI/getUpdates "HTTP/1.1 200 OK"
2025-05-18 12:39:56,463 - httpx - INFO - HTTP Request: POST https://api.telegram.org/bot7667262262:AAFYkfcdd8OZQskNYQPJ9KbVO8rGE3rvouI/getUpdates "HTTP/1.1 200 OK"
2025-05-18 12:40:06,624 - httpx - INFO - HTTP Request: POST https://api.telegram.org/bot7667262262:AAFYkfcdd8OZQskNYQPJ9KbVO8rGE3rvouI/getUpdates "HTTP/1.1 200 OK"
2025-05-18 12:40:16,784 - httpx - INFO - HTTP Request: POST https://api.telegram.org/bot7667262262:AAFYkfcdd8OZQskNYQPJ9KbVO8rGE3rvouI/getUpdates "HTTP/1.1 200 OK"
2025-05-18 12:40:26,951 - httpx - INFO - HTTP Request: POST https://api.telegram.org/bot7667262262:AAFYkfcdd8OZQskNYQPJ9KbVO8rGE3rvouI/getUpdates "HTTP/1.1 200 OK"
2025-05-18 12:40:37,111 - httpx - INFO - HTTP Request: POST https://api.telegram.org/bot7667262262:AAFYkfcdd8OZQskNYQPJ9KbVO8rGE3rvouI/getUpdates "HTTP/1.1 200 OK"
2025-05-18 12:40:47,271 - httpx - INFO - HTTP Request: POST https://api.telegram.org/bot7667262262:AAFYkfcdd8OZQskNYQPJ9KbVO8rGE3rvouI/getUpdates "HTTP/1.1 200 OK"
2025-05-18 12:40:57,432 - httpx - INFO - HTTP Request: POST https://api.telegram.org/bot7667262262:AAFYkfcdd8OZQskNYQPJ9KbVO8rGE3rvouI/getUpdates "HTTP/1.1 200 OK"
2025-05-18 12:41:07,594 - httpx - INFO - HTTP Request: POST https://api.telegram.org/bot7667262262:AAFYkfcdd8OZQskNYQPJ9KbVO8rGE3rvouI/getUpdates "HTTP/1.1 200 OK"
2025-05-18 12:41:17,755 - httpx - INFO - HTTP Request: POST https://api.telegram.org/bot7667262262:AAFYkfcdd8OZQskNYQPJ9KbVO8rGE3rvouI/getUpdates "HTTP/1.1 200 OK"
2025-05-18 12:41:27,918 - httpx - INFO - HTTP Request: POST https://api.telegram.org/bot7667262262:AAFYkfcdd8OZQskNYQPJ9KbVO8rGE3rvouI/getUpdates "HTTP/1.1 200 OK"
2025-05-18 12:41:38,079 - httpx - INFO - HTTP Request: POST https://api.telegram.org/bot7667262262:AAFYkfcdd8OZQskNYQPJ9KbVO8rGE3rvouI/getUpdates "HTTP/1.1 200 OK"
2025-05-18 12:41:48,239 - httpx - INFO - HTTP Request: POST https://api.telegram.org/bot7667262262:AAFYkfcdd8OZQskNYQPJ9KbVO8rGE3rvouI/getUpdates "HTTP/1.1 200 OK"
2025-05-18 12:41:58,399 - httpx - INFO - HTTP Request: POST https://api.telegram.org/bot7667262262:AAFYkfcdd8OZQskNYQPJ9KbVO8rGE3rvouI/getUpdates "HTTP/1.1 200 OK"
2025-05-18 12:42:08,561 - httpx - INFO - HTTP Request: POST https://api.telegram.org/bot7667262262:AAFYkfcdd8OZQskNYQPJ9KbVO8rGE3rvouI/getUpdates "HTTP/1.1 200 OK"
2025-05-18 12:42:18,721 - httpx - INFO - HTTP Request: POST https://api.telegram.org/bot7667262262:AAFYkfcdd8OZQskNYQPJ9KbVO8rGE3rvouI/getUpdates "HTTP/1.1 200 OK"
2025-05-18 12:42:28,882 - httpx - INFO - HTTP Request: POST https://api.telegram.org/bot7667262262:AAFYkfcdd8OZQskNYQPJ9KbVO8rGE3rvouI/getUpdates "HTTP/1.1 200 OK"
2025-05-18 12:42:39,043 - httpx - INFO - HTTP Request: POST https://api.telegram.org/bot7667262262:AAFYkfcdd8OZQskNYQPJ9KbVO8rGE3rvouI/getUpdates "HTTP/1.1 200 OK"
2025-05-18 12:42:49,204 - httpx - INFO - HTTP Request: POST https://api.telegram.org/bot7667262262:AAFYkfcdd8OZQskNYQPJ9KbVO8rGE3rvouI/getUpdates "HTTP/1.1 200 OK"
2025-05-18 12:42:59,365 - httpx - INFO - HTTP Request: POST https://api.telegram.org/bot7667262262:AAFYkfcdd8OZQskNYQPJ9KbVO8rGE3rvouI/getUpdates "HTTP/1.1 200 OK"
2025-05-18 12:43:09,524 - httpx - INFO - HTTP Request: POST https://api.telegram.org/bot7667262262:AAFYkfcdd8OZQskNYQPJ9KbVO8rGE3rvouI/getUpdates "HTTP/1.1 200 OK"
2025-05-18 12:43:19,685 - httpx - INFO - HTTP Request: POST https://api.telegram.org/bot7667262262:AAFYkfcdd8OZQskNYQPJ9KbVO8rGE3rvouI/getUpdates "HTTP/1.1 200 OK"
2025-05-18 12:43:29,884 - httpx - INFO - HTTP Request: POST https://api.telegram.org/bot7667262262:AAFYkfcdd8OZQskNYQPJ9KbVO8rGE3rvouI/getUpdates "HTTP/1.1 200 OK"
2025-05-18 12:43:40,044 - httpx - INFO - HTTP Request: POST https://api.telegram.org/bot7667262262:AAFYkfcdd8OZQskNYQPJ9KbVO8rGE3rvouI/getUpdates "HTTP/1.1 200 OK"
2025-05-18 12:43:50,205 - httpx - INFO - HTTP Request: POST https://api.telegram.org/bot7667262262:AAFYkfcdd8OZQskNYQPJ9KbVO8rGE3rvouI/getUpdates "HTTP/1.1 200 OK"
2025-05-18 12:44:00,365 - httpx - INFO - HTTP Request: POST https://api.telegram.org/bot7667262262:AAFYkfcdd8OZQskNYQPJ9KbVO8rGE3rvouI/getUpdates "HTTP/1.1 200 OK"
2025-05-18 12:44:10,525 - httpx - INFO - HTTP Request: POST https://api.telegram.org/bot7667262262:AAFYkfcdd8OZQskNYQPJ9KbVO8rGE3rvouI/getUpdates "HTTP/1.1 200 OK"
2025-05-18 12:44:20,685 - httpx - INFO - HTTP Request: POST https://api.telegram.org/bot7667262262:AAFYkfcdd8OZQskNYQPJ9KbVO8rGE3rvouI/getUpdates "HTTP/1.1 200 OK"
2025-05-18 12:44:30,846 - httpx - INFO - HTTP Request: POST https://api.telegram.org/bot7667262262:AAFYkfcdd8OZQskNYQPJ9KbVO8rGE3rvouI/getUpdates "HTTP/1.1 200 OK"
2025-05-18 12:44:41,006 - httpx - INFO - HTTP Request: POST https://api.telegram.org/bot7667262262:AAFYkfcdd8OZQskNYQPJ9KbVO8rGE3rvouI/getUpdates "HTTP/1.1 200 OK"
2025-05-18 12:44:51,167 - httpx - INFO - HTTP Request: POST https://api.telegram.org/bot7667262262:AAFYkfcdd8OZQskNYQPJ9KbVO8rGE3rvouI/getUpdates "HTTP/1.1 200 OK"
2025-05-18 12:45:01,326 - httpx - INFO - HTTP Request: POST https://api.telegram.org/bot7667262262:AAFYkfcdd8OZQskNYQPJ9KbVO8rGE3rvouI/getUpdates "HTTP/1.1 200 OK"
2025-05-18 12:45:11,486 - httpx - INFO - HTTP Request: POST https://api.telegram.org/bot7667262262:AAFYkfcdd8OZQskNYQPJ9KbVO8rGE3rvouI/getUpdates "HTTP/1.1 200 OK"
2025-05-18 12:45:21,660 - httpx - INFO - HTTP Request: POST https://api.telegram.org/bot7667262262:AAFYkfcdd8OZQskNYQPJ9KbVO8rGE3rvouI/getUpdates "HTTP/1.1 200 OK"
2025-05-18 12:45:22,038 - src.model - INFO - Saved training plot to C:\Users\Administrator\XenfoAi\plots\ETHUSD_training.png
2025-05-18 12:45:22,038 - src.model - INFO - Training completed with best val loss: 0.4837
2025-05-18 12:45:22,707 - httpx - INFO - HTTP Request: POST https://api.telegram.org/bot7667262262:AAFYkfcdd8OZQskNYQPJ9KbVO8rGE3rvouI/editMessageText "HTTP/1.1 200 OK"
2025-05-18 12:45:31,822 - httpx - INFO - HTTP Request: POST https://api.telegram.org/bot7667262262:AAFYkfcdd8OZQskNYQPJ9KbVO8rGE3rvouI/getUpdates "HTTP/1.1 200 OK"
2025-05-18 12:45:41,982 - httpx - INFO - HTTP Request: POST https://api.telegram.org/bot7667262262:AAFYkfcdd8OZQskNYQPJ9KbVO8rGE3rvouI/getUpdates "HTTP/1.1 200 OK"
2025-05-18 12:45:52,141 - httpx - INFO - HTTP Request: POST https://api.telegram.org/bot7667262262:AAFYkfcdd8OZQskNYQPJ9KbVO8rGE3rvouI/getUpdates "HTTP/1.1 200 OK"
2025-05-18 12:46:02,301 - httpx - INFO - HTTP Request: POST https://api.telegram.org/bot7667262262:AAFYkfcdd8OZQskNYQPJ9KbVO8rGE3rvouI/getUpdates "HTTP/1.1 200 OK"
2025-05-18 12:46:12,460 - httpx - INFO - HTTP Request: POST https://api.telegram.org/bot7667262262:AAFYkfcdd8OZQskNYQPJ9KbVO8rGE3rvouI/getUpdates "HTTP/1.1 200 OK"
2025-05-18 12:46:22,621 - httpx - INFO - HTTP Request: POST https://api.telegram.org/bot7667262262:AAFYkfcdd8OZQskNYQPJ9KbVO8rGE3rvouI/getUpdates "HTTP/1.1 200 OK"
2025-05-18 12:46:32,783 - httpx - INFO - HTTP Request: POST https://api.telegram.org/bot7667262262:AAFYkfcdd8OZQskNYQPJ9KbVO8rGE3rvouI/getUpdates "HTTP/1.1 200 OK"
2025-05-18 12:46:42,999 - httpx - INFO - HTTP Request: POST https://api.telegram.org/bot7667262262:AAFYkfcdd8OZQskNYQPJ9KbVO8rGE3rvouI/getUpdates "HTTP/1.1 200 OK"
2025-05-18 12:46:53,159 - httpx - INFO - HTTP Request: POST https://api.telegram.org/bot7667262262:AAFYkfcdd8OZQskNYQPJ9KbVO8rGE3rvouI/getUpdates "HTTP/1.1 200 OK"
2025-05-18 12:47:03,319 - httpx - INFO - HTTP Request: POST https://api.telegram.org/bot7667262262:AAFYkfcdd8OZQskNYQPJ9KbVO8rGE3rvouI/getUpdates "HTTP/1.1 200 OK"
2025-05-18 12:47:13,478 - httpx - INFO - HTTP Request: POST https://api.telegram.org/bot7667262262:AAFYkfcdd8OZQskNYQPJ9KbVO8rGE3rvouI/getUpdates "HTTP/1.1 200 OK"
2025-05-18 12:47:23,637 - httpx - INFO - HTTP Request: POST https://api.telegram.org/bot7667262262:AAFYkfcdd8OZQskNYQPJ9KbVO8rGE3rvouI/getUpdates "HTTP/1.1 200 OK"
2025-05-18 12:47:33,797 - httpx - INFO - HTTP Request: POST https://api.telegram.org/bot7667262262:AAFYkfcdd8OZQskNYQPJ9KbVO8rGE3rvouI/getUpdates "HTTP/1.1 200 OK"
2025-05-18 12:47:43,956 - httpx - INFO - HTTP Request: POST https://api.telegram.org/bot7667262262:AAFYkfcdd8OZQskNYQPJ9KbVO8rGE3rvouI/getUpdates "HTTP/1.1 200 OK"
2025-05-18 12:47:54,121 - httpx - INFO - HTTP Request: POST https://api.telegram.org/bot7667262262:AAFYkfcdd8OZQskNYQPJ9KbVO8rGE3rvouI/getUpdates "HTTP/1.1 200 OK"
2025-05-18 12:48:04,283 - httpx - INFO - HTTP Request: POST https://api.telegram.org/bot7667262262:AAFYkfcdd8OZQskNYQPJ9KbVO8rGE3rvouI/getUpdates "HTTP/1.1 200 OK"
2025-05-18 12:48:14,443 - httpx - INFO - HTTP Request: POST https://api.telegram.org/bot7667262262:AAFYkfcdd8OZQskNYQPJ9KbVO8rGE3rvouI/getUpdates "HTTP/1.1 200 OK"
2025-05-18 12:48:24,602 - httpx - INFO - HTTP Request: POST https://api.telegram.org/bot7667262262:AAFYkfcdd8OZQskNYQPJ9KbVO8rGE3rvouI/getUpdates "HTTP/1.1 200 OK"
2025-05-18 12:48:34,762 - httpx - INFO - HTTP Request: POST https://api.telegram.org/bot7667262262:AAFYkfcdd8OZQskNYQPJ9KbVO8rGE3rvouI/getUpdates "HTTP/1.1 200 OK"
2025-05-18 12:48:43,293 - httpx - INFO - HTTP Request: POST https://api.telegram.org/bot7667262262:AAFYkfcdd8OZQskNYQPJ9KbVO8rGE3rvouI/getUpdates "HTTP/1.1 200 OK"
2025-05-18 12:48:44,033 - httpx - INFO - HTTP Request: POST https://api.telegram.org/bot7667262262:AAFYkfcdd8OZQskNYQPJ9KbVO8rGE3rvouI/sendMessage "HTTP/1.1 200 OK"
2025-05-18 12:48:46,508 - httpx - INFO - HTTP Request: POST https://api.telegram.org/bot7667262262:AAFYkfcdd8OZQskNYQPJ9KbVO8rGE3rvouI/sendPhoto "HTTP/1.1 200 OK"
2025-05-18 12:48:46,869 - httpx - INFO - HTTP Request: POST https://api.telegram.org/bot7667262262:AAFYkfcdd8OZQskNYQPJ9KbVO8rGE3rvouI/deleteMessage "HTTP/1.1 200 OK"
2025-05-18 12:48:53,455 - httpx - INFO - HTTP Request: POST https://api.telegram.org/bot7667262262:AAFYkfcdd8OZQskNYQPJ9KbVO8rGE3rvouI/getUpdates "HTTP/1.1 200 OK"
2025-05-18 12:49:03,615 - httpx - INFO - HTTP Request: POST https://api.telegram.org/bot7667262262:AAFYkfcdd8OZQskNYQPJ9KbVO8rGE3rvouI/getUpdates "HTTP/1.1 200 OK"
2025-05-18 12:49:13,775 - httpx - INFO - HTTP Request: POST https://api.telegram.org/bot7667262262:AAFYkfcdd8OZQskNYQPJ9KbVO8rGE3rvouI/getUpdates "HTTP/1.1 200 OK"
2025-05-18 12:49:23,934 - httpx - INFO - HTTP Request: POST https://api.telegram.org/bot7667262262:AAFYkfcdd8OZQskNYQPJ9KbVO8rGE3rvouI/getUpdates "HTTP/1.1 200 OK"
2025-05-18 12:49:34,095 - httpx - INFO - HTTP Request: POST https://api.telegram.org/bot7667262262:AAFYkfcdd8OZQskNYQPJ9KbVO8rGE3rvouI/getUpdates "HTTP/1.1 200 OK"
2025-05-18 12:49:44,254 - httpx - INFO - HTTP Request: POST https://api.telegram.org/bot7667262262:AAFYkfcdd8OZQskNYQPJ9KbVO8rGE3rvouI/getUpdates "HTTP/1.1 200 OK"
2025-05-18 12:49:54,413 - httpx - INFO - HTTP Request: POST https://api.telegram.org/bot7667262262:AAFYkfcdd8OZQskNYQPJ9KbVO8rGE3rvouI/getUpdates "HTTP/1.1 200 OK"
2025-05-18 12:50:04,572 - httpx - INFO - HTTP Request: POST https://api.telegram.org/bot7667262262:AAFYkfcdd8OZQskNYQPJ9KbVO8rGE3rvouI/getUpdates "HTTP/1.1 200 OK"
2025-05-18 12:50:15,050 - httpx - INFO - HTTP Request: POST https://api.telegram.org/bot7667262262:AAFYkfcdd8OZQskNYQPJ9KbVO8rGE3rvouI/getUpdates "HTTP/1.1 200 OK"
2025-05-18 12:50:25,209 - httpx - INFO - HTTP Request: POST https://api.telegram.org/bot7667262262:AAFYkfcdd8OZQskNYQPJ9KbVO8rGE3rvouI/getUpdates "HTTP/1.1 200 OK"
2025-05-18 12:50:35,368 - httpx - INFO - HTTP Request: POST https://api.telegram.org/bot7667262262:AAFYkfcdd8OZQskNYQPJ9KbVO8rGE3rvouI/getUpdates "HTTP/1.1 200 OK"
2025-05-18 12:50:45,526 - httpx - INFO - HTTP Request: POST https://api.telegram.org/bot7667262262:AAFYkfcdd8OZQskNYQPJ9KbVO8rGE3rvouI/getUpdates "HTTP/1.1 200 OK"
2025-05-18 12:50:55,686 - httpx - INFO - HTTP Request: POST https://api.telegram.org/bot7667262262:AAFYkfcdd8OZQskNYQPJ9KbVO8rGE3rvouI/getUpdates "HTTP/1.1 200 OK"
2025-05-18 12:51:05,845 - httpx - INFO - HTTP Request: POST https://api.telegram.org/bot7667262262:AAFYkfcdd8OZQskNYQPJ9KbVO8rGE3rvouI/getUpdates "HTTP/1.1 200 OK"
2025-05-18 12:51:16,003 - httpx - INFO - HTTP Request: POST https://api.telegram.org/bot7667262262:AAFYkfcdd8OZQskNYQPJ9KbVO8rGE3rvouI/getUpdates "HTTP/1.1 200 OK"
2025-05-18 12:51:26,162 - httpx - INFO - HTTP Request: POST https://api.telegram.org/bot7667262262:AAFYkfcdd8OZQskNYQPJ9KbVO8rGE3rvouI/getUpdates "HTTP/1.1 200 OK"
2025-05-18 12:51:36,322 - httpx - INFO - HTTP Request: POST https://api.telegram.org/bot7667262262:AAFYkfcdd8OZQskNYQPJ9KbVO8rGE3rvouI/getUpdates "HTTP/1.1 200 OK"
2025-05-18 12:51:46,479 - httpx - INFO - HTTP Request: POST https://api.telegram.org/bot7667262262:AAFYkfcdd8OZQskNYQPJ9KbVO8rGE3rvouI/getUpdates "HTTP/1.1 200 OK"
2025-05-18 12:51:56,638 - httpx - INFO - HTTP Request: POST https://api.telegram.org/bot7667262262:AAFYkfcdd8OZQskNYQPJ9KbVO8rGE3rvouI/getUpdates "HTTP/1.1 200 OK"
2025-05-18 12:52:06,797 - httpx - INFO - HTTP Request: POST https://api.telegram.org/bot7667262262:AAFYkfcdd8OZQskNYQPJ9KbVO8rGE3rvouI/getUpdates "HTTP/1.1 200 OK"
2025-05-18 12:52:16,956 - httpx - INFO - HTTP Request: POST https://api.telegram.org/bot7667262262:AAFYkfcdd8OZQskNYQPJ9KbVO8rGE3rvouI/getUpdates "HTTP/1.1 200 OK"
2025-05-18 12:52:27,115 - httpx - INFO - HTTP Request: POST https://api.telegram.org/bot7667262262:AAFYkfcdd8OZQskNYQPJ9KbVO8rGE3rvouI/getUpdates "HTTP/1.1 200 OK"
2025-05-18 12:52:37,275 - httpx - INFO - HTTP Request: POST https://api.telegram.org/bot7667262262:AAFYkfcdd8OZQskNYQPJ9KbVO8rGE3rvouI/getUpdates "HTTP/1.1 200 OK"
2025-05-18 12:52:47,433 - httpx - INFO - HTTP Request: POST https://api.telegram.org/bot7667262262:AAFYkfcdd8OZQskNYQPJ9KbVO8rGE3rvouI/getUpdates "HTTP/1.1 200 OK"
2025-05-18 12:52:57,593 - httpx - INFO - HTTP Request: POST https://api.telegram.org/bot7667262262:AAFYkfcdd8OZQskNYQPJ9KbVO8rGE3rvouI/getUpdates "HTTP/1.1 200 OK"
2025-05-18 12:53:07,753 - httpx - INFO - HTTP Request: POST https://api.telegram.org/bot7667262262:AAFYkfcdd8OZQskNYQPJ9KbVO8rGE3rvouI/getUpdates "HTTP/1.1 200 OK"
2025-05-18 12:53:17,912 - httpx - INFO - HTTP Request: POST https://api.telegram.org/bot7667262262:AAFYkfcdd8OZQskNYQPJ9KbVO8rGE3rvouI/getUpdates "HTTP/1.1 200 OK"
2025-05-18 12:53:28,071 - httpx - INFO - HTTP Request: POST https://api.telegram.org/bot7667262262:AAFYkfcdd8OZQskNYQPJ9KbVO8rGE3rvouI/getUpdates "HTTP/1.1 200 OK"
2025-05-18 12:53:38,231 - httpx - INFO - HTTP Request: POST https://api.telegram.org/bot7667262262:AAFYkfcdd8OZQskNYQPJ9KbVO8rGE3rvouI/getUpdates "HTTP/1.1 200 OK"
2025-05-18 12:53:48,389 - httpx - INFO - HTTP Request: POST https://api.telegram.org/bot7667262262:AAFYkfcdd8OZQskNYQPJ9KbVO8rGE3rvouI/getUpdates "HTTP/1.1 200 OK"
2025-05-18 12:53:58,549 - httpx - INFO - HTTP Request: POST https://api.telegram.org/bot7667262262:AAFYkfcdd8OZQskNYQPJ9KbVO8rGE3rvouI/getUpdates "HTTP/1.1 200 OK"
2025-05-18 12:54:08,713 - httpx - INFO - HTTP Request: POST https://api.telegram.org/bot7667262262:AAFYkfcdd8OZQskNYQPJ9KbVO8rGE3rvouI/getUpdates "HTTP/1.1 200 OK"
2025-05-18 12:54:18,872 - httpx - INFO - HTTP Request: POST https://api.telegram.org/bot7667262262:AAFYkfcdd8OZQskNYQPJ9KbVO8rGE3rvouI/getUpdates "HTTP/1.1 200 OK"
2025-05-18 12:54:29,032 - httpx - INFO - HTTP Request: POST https://api.telegram.org/bot7667262262:AAFYkfcdd8OZQskNYQPJ9KbVO8rGE3rvouI/getUpdates "HTTP/1.1 200 OK"
2025-05-18 12:54:39,191 - httpx - INFO - HTTP Request: POST https://api.telegram.org/bot7667262262:AAFYkfcdd8OZQskNYQPJ9KbVO8rGE3rvouI/getUpdates "HTTP/1.1 200 OK"
2025-05-18 12:54:47,110 - httpx - INFO - HTTP Request: POST https://api.telegram.org/bot7667262262:AAFYkfcdd8OZQskNYQPJ9KbVO8rGE3rvouI/getUpdates "HTTP/1.1 200 OK"
2025-05-18 12:54:47,887 - httpx - INFO - HTTP Request: POST https://api.telegram.org/bot7667262262:AAFYkfcdd8OZQskNYQPJ9KbVO8rGE3rvouI/sendMessage "HTTP/1.1 200 OK"
2025-05-18 12:54:47,887 - src.model - INFO - Loading dataset from C:\Users\Administrator\XenfoAi\datasets\forex\BTCUSD.csv
2025-05-18 12:54:57,271 - httpx - INFO - HTTP Request: POST https://api.telegram.org/bot7667262262:AAFYkfcdd8OZQskNYQPJ9KbVO8rGE3rvouI/getUpdates "HTTP/1.1 200 OK"
2025-05-18 12:55:07,431 - httpx - INFO - HTTP Request: POST https://api.telegram.org/bot7667262262:AAFYkfcdd8OZQskNYQPJ9KbVO8rGE3rvouI/getUpdates "HTTP/1.1 200 OK"
2025-05-18 12:55:17,591 - httpx - INFO - HTTP Request: POST https://api.telegram.org/bot7667262262:AAFYkfcdd8OZQskNYQPJ9KbVO8rGE3rvouI/getUpdates "HTTP/1.1 200 OK"
2025-05-18 12:55:27,750 - httpx - INFO - HTTP Request: POST https://api.telegram.org/bot7667262262:AAFYkfcdd8OZQskNYQPJ9KbVO8rGE3rvouI/getUpdates "HTTP/1.1 200 OK"
2025-05-18 12:55:37,909 - httpx - INFO - HTTP Request: POST https://api.telegram.org/bot7667262262:AAFYkfcdd8OZQskNYQPJ9KbVO8rGE3rvouI/getUpdates "HTTP/1.1 200 OK"
2025-05-18 12:55:48,070 - httpx - INFO - HTTP Request: POST https://api.telegram.org/bot7667262262:AAFYkfcdd8OZQskNYQPJ9KbVO8rGE3rvouI/getUpdates "HTTP/1.1 200 OK"
2025-05-18 12:55:58,229 - httpx - INFO - HTTP Request: POST https://api.telegram.org/bot7667262262:AAFYkfcdd8OZQskNYQPJ9KbVO8rGE3rvouI/getUpdates "HTTP/1.1 200 OK"
2025-05-18 12:56:08,389 - httpx - INFO - HTTP Request: POST https://api.telegram.org/bot7667262262:AAFYkfcdd8OZQskNYQPJ9KbVO8rGE3rvouI/getUpdates "HTTP/1.1 200 OK"
2025-05-18 12:56:18,549 - httpx - INFO - HTTP Request: POST https://api.telegram.org/bot7667262262:AAFYkfcdd8OZQskNYQPJ9KbVO8rGE3rvouI/getUpdates "HTTP/1.1 200 OK"
2025-05-18 12:56:28,709 - httpx - INFO - HTTP Request: POST https://api.telegram.org/bot7667262262:AAFYkfcdd8OZQskNYQPJ9KbVO8rGE3rvouI/getUpdates "HTTP/1.1 200 OK"
2025-05-18 12:56:38,878 - httpx - INFO - HTTP Request: POST https://api.telegram.org/bot7667262262:AAFYkfcdd8OZQskNYQPJ9KbVO8rGE3rvouI/getUpdates "HTTP/1.1 200 OK"
2025-05-18 12:56:49,039 - httpx - INFO - HTTP Request: POST https://api.telegram.org/bot7667262262:AAFYkfcdd8OZQskNYQPJ9KbVO8rGE3rvouI/getUpdates "HTTP/1.1 200 OK"
2025-05-18 12:56:59,198 - httpx - INFO - HTTP Request: POST https://api.telegram.org/bot7667262262:AAFYkfcdd8OZQskNYQPJ9KbVO8rGE3rvouI/getUpdates "HTTP/1.1 200 OK"
2025-05-18 12:57:09,355 - httpx - INFO - HTTP Request: POST https://api.telegram.org/bot7667262262:AAFYkfcdd8OZQskNYQPJ9KbVO8rGE3rvouI/getUpdates "HTTP/1.1 200 OK"
2025-05-18 12:57:19,531 - httpx - INFO - HTTP Request: POST https://api.telegram.org/bot7667262262:AAFYkfcdd8OZQskNYQPJ9KbVO8rGE3rvouI/getUpdates "HTTP/1.1 200 OK"
2025-05-18 12:57:29,690 - httpx - INFO - HTTP Request: POST https://api.telegram.org/bot7667262262:AAFYkfcdd8OZQskNYQPJ9KbVO8rGE3rvouI/getUpdates "HTTP/1.1 200 OK"
2025-05-18 12:57:39,849 - httpx - INFO - HTTP Request: POST https://api.telegram.org/bot7667262262:AAFYkfcdd8OZQskNYQPJ9KbVO8rGE3rvouI/getUpdates "HTTP/1.1 200 OK"
2025-05-18 12:57:50,010 - httpx - INFO - HTTP Request: POST https://api.telegram.org/bot7667262262:AAFYkfcdd8OZQskNYQPJ9KbVO8rGE3rvouI/getUpdates "HTTP/1.1 200 OK"
2025-05-18 12:58:00,169 - httpx - INFO - HTTP Request: POST https://api.telegram.org/bot7667262262:AAFYkfcdd8OZQskNYQPJ9KbVO8rGE3rvouI/getUpdates "HTTP/1.1 200 OK"
2025-05-18 12:58:10,328 - httpx - INFO - HTTP Request: POST https://api.telegram.org/bot7667262262:AAFYkfcdd8OZQskNYQPJ9KbVO8rGE3rvouI/getUpdates "HTTP/1.1 200 OK"
2025-05-18 12:58:20,488 - httpx - INFO - HTTP Request: POST https://api.telegram.org/bot7667262262:AAFYkfcdd8OZQskNYQPJ9KbVO8rGE3rvouI/getUpdates "HTTP/1.1 200 OK"
2025-05-18 12:58:30,648 - httpx - INFO - HTTP Request: POST https://api.telegram.org/bot7667262262:AAFYkfcdd8OZQskNYQPJ9KbVO8rGE3rvouI/getUpdates "HTTP/1.1 200 OK"
2025-05-18 12:58:40,808 - httpx - INFO - HTTP Request: POST https://api.telegram.org/bot7667262262:AAFYkfcdd8OZQskNYQPJ9KbVO8rGE3rvouI/getUpdates "HTTP/1.1 200 OK"
2025-05-18 12:58:50,968 - httpx - INFO - HTTP Request: POST https://api.telegram.org/bot7667262262:AAFYkfcdd8OZQskNYQPJ9KbVO8rGE3rvouI/getUpdates "HTTP/1.1 200 OK"
2025-05-18 12:59:01,127 - httpx - INFO - HTTP Request: POST https://api.telegram.org/bot7667262262:AAFYkfcdd8OZQskNYQPJ9KbVO8rGE3rvouI/getUpdates "HTTP/1.1 200 OK"
2025-05-18 12:59:11,286 - httpx - INFO - HTTP Request: POST https://api.telegram.org/bot7667262262:AAFYkfcdd8OZQskNYQPJ9KbVO8rGE3rvouI/getUpdates "HTTP/1.1 200 OK"
2025-05-18 12:59:21,444 - httpx - INFO - HTTP Request: POST https://api.telegram.org/bot7667262262:AAFYkfcdd8OZQskNYQPJ9KbVO8rGE3rvouI/getUpdates "HTTP/1.1 200 OK"
2025-05-18 12:59:31,604 - httpx - INFO - HTTP Request: POST https://api.telegram.org/bot7667262262:AAFYkfcdd8OZQskNYQPJ9KbVO8rGE3rvouI/getUpdates "HTTP/1.1 200 OK"
2025-05-18 12:59:41,765 - httpx - INFO - HTTP Request: POST https://api.telegram.org/bot7667262262:AAFYkfcdd8OZQskNYQPJ9KbVO8rGE3rvouI/getUpdates "HTTP/1.1 200 OK"
2025-05-18 12:59:51,924 - httpx - INFO - HTTP Request: POST https://api.telegram.org/bot7667262262:AAFYkfcdd8OZQskNYQPJ9KbVO8rGE3rvouI/getUpdates "HTTP/1.1 200 OK"
2025-05-18 13:00:02,083 - httpx - INFO - HTTP Request: POST https://api.telegram.org/bot7667262262:AAFYkfcdd8OZQskNYQPJ9KbVO8rGE3rvouI/getUpdates "HTTP/1.1 200 OK"
2025-05-18 13:00:12,243 - httpx - INFO - HTTP Request: POST https://api.telegram.org/bot7667262262:AAFYkfcdd8OZQskNYQPJ9KbVO8rGE3rvouI/getUpdates "HTTP/1.1 200 OK"
2025-05-18 13:00:22,402 - httpx - INFO - HTTP Request: POST https://api.telegram.org/bot7667262262:AAFYkfcdd8OZQskNYQPJ9KbVO8rGE3rvouI/getUpdates "HTTP/1.1 200 OK"
2025-05-18 13:00:32,561 - httpx - INFO - HTTP Request: POST https://api.telegram.org/bot7667262262:AAFYkfcdd8OZQskNYQPJ9KbVO8rGE3rvouI/getUpdates "HTTP/1.1 200 OK"
2025-05-18 13:00:42,719 - httpx - INFO - HTTP Request: POST https://api.telegram.org/bot7667262262:AAFYkfcdd8OZQskNYQPJ9KbVO8rGE3rvouI/getUpdates "HTTP/1.1 200 OK"
2025-05-18 13:00:52,881 - httpx - INFO - HTTP Request: POST https://api.telegram.org/bot7667262262:AAFYkfcdd8OZQskNYQPJ9KbVO8rGE3rvouI/getUpdates "HTTP/1.1 200 OK"
2025-05-18 13:01:03,040 - httpx - INFO - HTTP Request: POST https://api.telegram.org/bot7667262262:AAFYkfcdd8OZQskNYQPJ9KbVO8rGE3rvouI/getUpdates "HTTP/1.1 200 OK"
2025-05-18 13:01:13,200 - httpx - INFO - HTTP Request: POST https://api.telegram.org/bot7667262262:AAFYkfcdd8OZQskNYQPJ9KbVO8rGE3rvouI/getUpdates "HTTP/1.1 200 OK"
2025-05-18 13:01:23,360 - httpx - INFO - HTTP Request: POST https://api.telegram.org/bot7667262262:AAFYkfcdd8OZQskNYQPJ9KbVO8rGE3rvouI/getUpdates "HTTP/1.1 200 OK"
2025-05-18 13:01:33,520 - httpx - INFO - HTTP Request: POST https://api.telegram.org/bot7667262262:AAFYkfcdd8OZQskNYQPJ9KbVO8rGE3rvouI/getUpdates "HTTP/1.1 200 OK"
2025-05-18 13:01:43,678 - httpx - INFO - HTTP Request: POST https://api.telegram.org/bot7667262262:AAFYkfcdd8OZQskNYQPJ9KbVO8rGE3rvouI/getUpdates "HTTP/1.1 200 OK"
2025-05-18 13:01:53,839 - httpx - INFO - HTTP Request: POST https://api.telegram.org/bot7667262262:AAFYkfcdd8OZQskNYQPJ9KbVO8rGE3rvouI/getUpdates "HTTP/1.1 200 OK"
2025-05-18 13:02:03,999 - httpx - INFO - HTTP Request: POST https://api.telegram.org/bot7667262262:AAFYkfcdd8OZQskNYQPJ9KbVO8rGE3rvouI/getUpdates "HTTP/1.1 200 OK"
2025-05-18 13:02:14,159 - httpx - INFO - HTTP Request: POST https://api.telegram.org/bot7667262262:AAFYkfcdd8OZQskNYQPJ9KbVO8rGE3rvouI/getUpdates "HTTP/1.1 200 OK"
2025-05-18 13:02:24,317 - httpx - INFO - HTTP Request: POST https://api.telegram.org/bot7667262262:AAFYkfcdd8OZQskNYQPJ9KbVO8rGE3rvouI/getUpdates "HTTP/1.1 200 OK"
2025-05-18 13:02:34,479 - httpx - INFO - HTTP Request: POST https://api.telegram.org/bot7667262262:AAFYkfcdd8OZQskNYQPJ9KbVO8rGE3rvouI/getUpdates "HTTP/1.1 200 OK"
2025-05-18 13:02:44,637 - httpx - INFO - HTTP Request: POST https://api.telegram.org/bot7667262262:AAFYkfcdd8OZQskNYQPJ9KbVO8rGE3rvouI/getUpdates "HTTP/1.1 200 OK"
2025-05-18 13:02:54,799 - httpx - INFO - HTTP Request: POST https://api.telegram.org/bot7667262262:AAFYkfcdd8OZQskNYQPJ9KbVO8rGE3rvouI/getUpdates "HTTP/1.1 200 OK"
2025-05-18 13:03:04,957 - httpx - INFO - HTTP Request: POST https://api.telegram.org/bot7667262262:AAFYkfcdd8OZQskNYQPJ9KbVO8rGE3rvouI/getUpdates "HTTP/1.1 200 OK"
2025-05-18 13:03:15,118 - httpx - INFO - HTTP Request: POST https://api.telegram.org/bot7667262262:AAFYkfcdd8OZQskNYQPJ9KbVO8rGE3rvouI/getUpdates "HTTP/1.1 200 OK"
2025-05-18 13:03:25,278 - httpx - INFO - HTTP Request: POST https://api.telegram.org/bot7667262262:AAFYkfcdd8OZQskNYQPJ9KbVO8rGE3rvouI/getUpdates "HTTP/1.1 200 OK"
2025-05-18 13:03:35,437 - httpx - INFO - HTTP Request: POST https://api.telegram.org/bot7667262262:AAFYkfcdd8OZQskNYQPJ9KbVO8rGE3rvouI/getUpdates "HTTP/1.1 200 OK"
2025-05-18 13:03:45,597 - httpx - INFO - HTTP Request: POST https://api.telegram.org/bot7667262262:AAFYkfcdd8OZQskNYQPJ9KbVO8rGE3rvouI/getUpdates "HTTP/1.1 200 OK"
2025-05-18 13:03:55,755 - httpx - INFO - HTTP Request: POST https://api.telegram.org/bot7667262262:AAFYkfcdd8OZQskNYQPJ9KbVO8rGE3rvouI/getUpdates "HTTP/1.1 200 OK"
2025-05-18 13:04:05,915 - httpx - INFO - HTTP Request: POST https://api.telegram.org/bot7667262262:AAFYkfcdd8OZQskNYQPJ9KbVO8rGE3rvouI/getUpdates "HTTP/1.1 200 OK"
2025-05-18 13:04:16,073 - httpx - INFO - HTTP Request: POST https://api.telegram.org/bot7667262262:AAFYkfcdd8OZQskNYQPJ9KbVO8rGE3rvouI/getUpdates "HTTP/1.1 200 OK"
2025-05-18 13:04:26,234 - httpx - INFO - HTTP Request: POST https://api.telegram.org/bot7667262262:AAFYkfcdd8OZQskNYQPJ9KbVO8rGE3rvouI/getUpdates "HTTP/1.1 200 OK"
2025-05-18 13:04:36,395 - httpx - INFO - HTTP Request: POST https://api.telegram.org/bot7667262262:AAFYkfcdd8OZQskNYQPJ9KbVO8rGE3rvouI/getUpdates "HTTP/1.1 200 OK"
2025-05-18 13:04:46,553 - httpx - INFO - HTTP Request: POST https://api.telegram.org/bot7667262262:AAFYkfcdd8OZQskNYQPJ9KbVO8rGE3rvouI/getUpdates "HTTP/1.1 200 OK"
2025-05-18 13:04:56,713 - httpx - INFO - HTTP Request: POST https://api.telegram.org/bot7667262262:AAFYkfcdd8OZQskNYQPJ9KbVO8rGE3rvouI/getUpdates "HTTP/1.1 200 OK"
2025-05-18 13:05:06,874 - httpx - INFO - HTTP Request: POST https://api.telegram.org/bot7667262262:AAFYkfcdd8OZQskNYQPJ9KbVO8rGE3rvouI/getUpdates "HTTP/1.1 200 OK"
2025-05-18 13:05:17,033 - httpx - INFO - HTTP Request: POST https://api.telegram.org/bot7667262262:AAFYkfcdd8OZQskNYQPJ9KbVO8rGE3rvouI/getUpdates "HTTP/1.1 200 OK"
2025-05-18 13:05:27,193 - httpx - INFO - HTTP Request: POST https://api.telegram.org/bot7667262262:AAFYkfcdd8OZQskNYQPJ9KbVO8rGE3rvouI/getUpdates "HTTP/1.1 200 OK"
2025-05-18 13:05:37,354 - httpx - INFO - HTTP Request: POST https://api.telegram.org/bot7667262262:AAFYkfcdd8OZQskNYQPJ9KbVO8rGE3rvouI/getUpdates "HTTP/1.1 200 OK"
2025-05-18 13:05:47,515 - httpx - INFO - HTTP Request: POST https://api.telegram.org/bot7667262262:AAFYkfcdd8OZQskNYQPJ9KbVO8rGE3rvouI/getUpdates "HTTP/1.1 200 OK"
2025-05-18 13:05:57,674 - httpx - INFO - HTTP Request: POST https://api.telegram.org/bot7667262262:AAFYkfcdd8OZQskNYQPJ9KbVO8rGE3rvouI/getUpdates "HTTP/1.1 200 OK"
2025-05-18 13:06:07,835 - httpx - INFO - HTTP Request: POST https://api.telegram.org/bot7667262262:AAFYkfcdd8OZQskNYQPJ9KbVO8rGE3rvouI/getUpdates "HTTP/1.1 200 OK"
2025-05-18 13:06:17,996 - httpx - INFO - HTTP Request: POST https://api.telegram.org/bot7667262262:AAFYkfcdd8OZQskNYQPJ9KbVO8rGE3rvouI/getUpdates "HTTP/1.1 200 OK"
2025-05-18 13:06:28,157 - httpx - INFO - HTTP Request: POST https://api.telegram.org/bot7667262262:AAFYkfcdd8OZQskNYQPJ9KbVO8rGE3rvouI/getUpdates "HTTP/1.1 200 OK"
2025-05-18 13:06:38,317 - httpx - INFO - HTTP Request: POST https://api.telegram.org/bot7667262262:AAFYkfcdd8OZQskNYQPJ9KbVO8rGE3rvouI/getUpdates "HTTP/1.1 200 OK"
2025-05-18 13:06:48,477 - httpx - INFO - HTTP Request: POST https://api.telegram.org/bot7667262262:AAFYkfcdd8OZQskNYQPJ9KbVO8rGE3rvouI/getUpdates "HTTP/1.1 200 OK"
2025-05-18 13:06:58,636 - httpx - INFO - HTTP Request: POST https://api.telegram.org/bot7667262262:AAFYkfcdd8OZQskNYQPJ9KbVO8rGE3rvouI/getUpdates "HTTP/1.1 200 OK"
2025-05-18 13:07:09,120 - httpx - INFO - HTTP Request: POST https://api.telegram.org/bot7667262262:AAFYkfcdd8OZQskNYQPJ9KbVO8rGE3rvouI/getUpdates "HTTP/1.1 200 OK"
2025-05-18 13:07:19,286 - httpx - INFO - HTTP Request: POST https://api.telegram.org/bot7667262262:AAFYkfcdd8OZQskNYQPJ9KbVO8rGE3rvouI/getUpdates "HTTP/1.1 200 OK"
2025-05-18 13:07:29,466 - httpx - INFO - HTTP Request: POST https://api.telegram.org/bot7667262262:AAFYkfcdd8OZQskNYQPJ9KbVO8rGE3rvouI/getUpdates "HTTP/1.1 200 OK"
2025-05-18 13:07:39,627 - httpx - INFO - HTTP Request: POST https://api.telegram.org/bot7667262262:AAFYkfcdd8OZQskNYQPJ9KbVO8rGE3rvouI/getUpdates "HTTP/1.1 200 OK"
2025-05-18 13:07:49,791 - httpx - INFO - HTTP Request: POST https://api.telegram.org/bot7667262262:AAFYkfcdd8OZQskNYQPJ9KbVO8rGE3rvouI/getUpdates "HTTP/1.1 200 OK"
2025-05-18 13:07:59,951 - httpx - INFO - HTTP Request: POST https://api.telegram.org/bot7667262262:AAFYkfcdd8OZQskNYQPJ9KbVO8rGE3rvouI/getUpdates "HTTP/1.1 200 OK"
2025-05-18 13:08:10,112 - httpx - INFO - HTTP Request: POST https://api.telegram.org/bot7667262262:AAFYkfcdd8OZQskNYQPJ9KbVO8rGE3rvouI/getUpdates "HTTP/1.1 200 OK"
2025-05-18 13:08:20,274 - httpx - INFO - HTTP Request: POST https://api.telegram.org/bot7667262262:AAFYkfcdd8OZQskNYQPJ9KbVO8rGE3rvouI/getUpdates "HTTP/1.1 200 OK"
2025-05-18 13:08:30,434 - httpx - INFO - HTTP Request: POST https://api.telegram.org/bot7667262262:AAFYkfcdd8OZQskNYQPJ9KbVO8rGE3rvouI/getUpdates "HTTP/1.1 200 OK"
2025-05-18 13:08:40,595 - httpx - INFO - HTTP Request: POST https://api.telegram.org/bot7667262262:AAFYkfcdd8OZQskNYQPJ9KbVO8rGE3rvouI/getUpdates "HTTP/1.1 200 OK"
2025-05-18 13:08:50,757 - httpx - INFO - HTTP Request: POST https://api.telegram.org/bot7667262262:AAFYkfcdd8OZQskNYQPJ9KbVO8rGE3rvouI/getUpdates "HTTP/1.1 200 OK"
2025-05-18 13:09:00,918 - httpx - INFO - HTTP Request: POST https://api.telegram.org/bot7667262262:AAFYkfcdd8OZQskNYQPJ9KbVO8rGE3rvouI/getUpdates "HTTP/1.1 200 OK"
2025-05-18 13:09:11,079 - httpx - INFO - HTTP Request: POST https://api.telegram.org/bot7667262262:AAFYkfcdd8OZQskNYQPJ9KbVO8rGE3rvouI/getUpdates "HTTP/1.1 200 OK"
2025-05-18 13:09:21,239 - httpx - INFO - HTTP Request: POST https://api.telegram.org/bot7667262262:AAFYkfcdd8OZQskNYQPJ9KbVO8rGE3rvouI/getUpdates "HTTP/1.1 200 OK"
2025-05-18 13:09:31,399 - httpx - INFO - HTTP Request: POST https://api.telegram.org/bot7667262262:AAFYkfcdd8OZQskNYQPJ9KbVO8rGE3rvouI/getUpdates "HTTP/1.1 200 OK"
2025-05-18 13:09:41,560 - httpx - INFO - HTTP Request: POST https://api.telegram.org/bot7667262262:AAFYkfcdd8OZQskNYQPJ9KbVO8rGE3rvouI/getUpdates "HTTP/1.1 200 OK"
2025-05-18 13:09:51,722 - httpx - INFO - HTTP Request: POST https://api.telegram.org/bot7667262262:AAFYkfcdd8OZQskNYQPJ9KbVO8rGE3rvouI/getUpdates "HTTP/1.1 200 OK"
2025-05-18 13:10:01,883 - httpx - INFO - HTTP Request: POST https://api.telegram.org/bot7667262262:AAFYkfcdd8OZQskNYQPJ9KbVO8rGE3rvouI/getUpdates "HTTP/1.1 200 OK"
2025-05-18 13:10:12,045 - httpx - INFO - HTTP Request: POST https://api.telegram.org/bot7667262262:AAFYkfcdd8OZQskNYQPJ9KbVO8rGE3rvouI/getUpdates "HTTP/1.1 200 OK"
2025-05-18 13:10:16,337 - src.model - INFO - Saved training plot to C:\Users\Administrator\XenfoAi\plots\BTCUSD_training.png
2025-05-18 13:10:16,337 - src.model - INFO - Training completed with best val loss: 0.4852
2025-05-18 13:10:17,098 - httpx - INFO - HTTP Request: POST https://api.telegram.org/bot7667262262:AAFYkfcdd8OZQskNYQPJ9KbVO8rGE3rvouI/editMessageText "HTTP/1.1 200 OK"
2025-05-18 13:10:22,205 - httpx - INFO - HTTP Request: POST https://api.telegram.org/bot7667262262:AAFYkfcdd8OZQskNYQPJ9KbVO8rGE3rvouI/getUpdates "HTTP/1.1 200 OK"
2025-05-18 13:10:32,365 - httpx - INFO - HTTP Request: POST https://api.telegram.org/bot7667262262:AAFYkfcdd8OZQskNYQPJ9KbVO8rGE3rvouI/getUpdates "HTTP/1.1 200 OK"
2025-05-18 13:10:42,524 - httpx - INFO - HTTP Request: POST https://api.telegram.org/bot7667262262:AAFYkfcdd8OZQskNYQPJ9KbVO8rGE3rvouI/getUpdates "HTTP/1.1 200 OK"
2025-05-18 13:10:52,684 - httpx - INFO - HTTP Request: POST https://api.telegram.org/bot7667262262:AAFYkfcdd8OZQskNYQPJ9KbVO8rGE3rvouI/getUpdates "HTTP/1.1 200 OK"
2025-05-18 13:11:02,845 - httpx - INFO - HTTP Request: POST https://api.telegram.org/bot7667262262:AAFYkfcdd8OZQskNYQPJ9KbVO8rGE3rvouI/getUpdates "HTTP/1.1 200 OK"
2025-05-18 13:11:13,005 - httpx - INFO - HTTP Request: POST https://api.telegram.org/bot7667262262:AAFYkfcdd8OZQskNYQPJ9KbVO8rGE3rvouI/getUpdates "HTTP/1.1 200 OK"
2025-05-18 13:11:23,164 - httpx - INFO - HTTP Request: POST https://api.telegram.org/bot7667262262:AAFYkfcdd8OZQskNYQPJ9KbVO8rGE3rvouI/getUpdates "HTTP/1.1 200 OK"
2025-05-18 13:11:33,324 - httpx - INFO - HTTP Request: POST https://api.telegram.org/bot7667262262:AAFYkfcdd8OZQskNYQPJ9KbVO8rGE3rvouI/getUpdates "HTTP/1.1 200 OK"
2025-05-18 13:11:43,484 - httpx - INFO - HTTP Request: POST https://api.telegram.org/bot7667262262:AAFYkfcdd8OZQskNYQPJ9KbVO8rGE3rvouI/getUpdates "HTTP/1.1 200 OK"
2025-05-18 13:11:53,644 - httpx - INFO - HTTP Request: POST https://api.telegram.org/bot7667262262:AAFYkfcdd8OZQskNYQPJ9KbVO8rGE3rvouI/getUpdates "HTTP/1.1 200 OK"
2025-05-18 13:12:03,806 - httpx - INFO - HTTP Request: POST https://api.telegram.org/bot7667262262:AAFYkfcdd8OZQskNYQPJ9KbVO8rGE3rvouI/getUpdates "HTTP/1.1 200 OK"
2025-05-18 13:12:13,968 - httpx - INFO - HTTP Request: POST https://api.telegram.org/bot7667262262:AAFYkfcdd8OZQskNYQPJ9KbVO8rGE3rvouI/getUpdates "HTTP/1.1 200 OK"
2025-05-18 13:12:24,132 - httpx - INFO - HTTP Request: POST https://api.telegram.org/bot7667262262:AAFYkfcdd8OZQskNYQPJ9KbVO8rGE3rvouI/getUpdates "HTTP/1.1 200 OK"
2025-05-18 13:12:34,292 - httpx - INFO - HTTP Request: POST https://api.telegram.org/bot7667262262:AAFYkfcdd8OZQskNYQPJ9KbVO8rGE3rvouI/getUpdates "HTTP/1.1 200 OK"
2025-05-18 13:12:44,454 - httpx - INFO - HTTP Request: POST https://api.telegram.org/bot7667262262:AAFYkfcdd8OZQskNYQPJ9KbVO8rGE3rvouI/getUpdates "HTTP/1.1 200 OK"
2025-05-18 13:12:54,613 - httpx - INFO - HTTP Request: POST https://api.telegram.org/bot7667262262:AAFYkfcdd8OZQskNYQPJ9KbVO8rGE3rvouI/getUpdates "HTTP/1.1 200 OK"
2025-05-18 13:13:04,772 - httpx - INFO - HTTP Request: POST https://api.telegram.org/bot7667262262:AAFYkfcdd8OZQskNYQPJ9KbVO8rGE3rvouI/getUpdates "HTTP/1.1 200 OK"
2025-05-18 13:13:14,933 - httpx - INFO - HTTP Request: POST https://api.telegram.org/bot7667262262:AAFYkfcdd8OZQskNYQPJ9KbVO8rGE3rvouI/getUpdates "HTTP/1.1 200 OK"
2025-05-18 13:13:25,095 - httpx - INFO - HTTP Request: POST https://api.telegram.org/bot7667262262:AAFYkfcdd8OZQskNYQPJ9KbVO8rGE3rvouI/getUpdates "HTTP/1.1 200 OK"
2025-05-18 13:13:35,258 - httpx - INFO - HTTP Request: POST https://api.telegram.org/bot7667262262:AAFYkfcdd8OZQskNYQPJ9KbVO8rGE3rvouI/getUpdates "HTTP/1.1 200 OK"
2025-05-18 13:13:45,418 - httpx - INFO - HTTP Request: POST https://api.telegram.org/bot7667262262:AAFYkfcdd8OZQskNYQPJ9KbVO8rGE3rvouI/getUpdates "HTTP/1.1 200 OK"
2025-05-18 13:13:55,578 - httpx - INFO - HTTP Request: POST https://api.telegram.org/bot7667262262:AAFYkfcdd8OZQskNYQPJ9KbVO8rGE3rvouI/getUpdates "HTTP/1.1 200 OK"
2025-05-18 13:14:05,738 - httpx - INFO - HTTP Request: POST https://api.telegram.org/bot7667262262:AAFYkfcdd8OZQskNYQPJ9KbVO8rGE3rvouI/getUpdates "HTTP/1.1 200 OK"
2025-05-18 13:14:15,899 - httpx - INFO - HTTP Request: POST https://api.telegram.org/bot7667262262:AAFYkfcdd8OZQskNYQPJ9KbVO8rGE3rvouI/getUpdates "HTTP/1.1 200 OK"
2025-05-18 13:14:26,060 - httpx - INFO - HTTP Request: POST https://api.telegram.org/bot7667262262:AAFYkfcdd8OZQskNYQPJ9KbVO8rGE3rvouI/getUpdates "HTTP/1.1 200 OK"
2025-05-18 13:14:36,219 - httpx - INFO - HTTP Request: POST https://api.telegram.org/bot7667262262:AAFYkfcdd8OZQskNYQPJ9KbVO8rGE3rvouI/getUpdates "HTTP/1.1 200 OK"
2025-05-18 13:14:46,379 - httpx - INFO - HTTP Request: POST https://api.telegram.org/bot7667262262:AAFYkfcdd8OZQskNYQPJ9KbVO8rGE3rvouI/getUpdates "HTTP/1.1 200 OK"
2025-05-18 13:14:46,975 - httpx - INFO - HTTP Request: POST https://api.telegram.org/bot7667262262:AAFYkfcdd8OZQskNYQPJ9KbVO8rGE3rvouI/getUpdates "HTTP/1.1 200 OK"
2025-05-18 13:14:47,681 - httpx - INFO - HTTP Request: POST https://api.telegram.org/bot7667262262:AAFYkfcdd8OZQskNYQPJ9KbVO8rGE3rvouI/sendMessage "HTTP/1.1 200 OK"
2025-05-18 13:14:57,137 - httpx - INFO - HTTP Request: POST https://api.telegram.org/bot7667262262:AAFYkfcdd8OZQskNYQPJ9KbVO8rGE3rvouI/getUpdates "HTTP/1.1 200 OK"
2025-05-18 13:15:07,302 - httpx - INFO - HTTP Request: POST https://api.telegram.org/bot7667262262:AAFYkfcdd8OZQskNYQPJ9KbVO8rGE3rvouI/getUpdates "HTTP/1.1 200 OK"
2025-05-18 13:15:17,462 - httpx - INFO - HTTP Request: POST https://api.telegram.org/bot7667262262:AAFYkfcdd8OZQskNYQPJ9KbVO8rGE3rvouI/getUpdates "HTTP/1.1 200 OK"
2025-05-18 13:15:27,621 - httpx - INFO - HTTP Request: POST https://api.telegram.org/bot7667262262:AAFYkfcdd8OZQskNYQPJ9KbVO8rGE3rvouI/getUpdates "HTTP/1.1 200 OK"
2025-05-18 13:15:58,288 - __main__ - INFO - Starting Forex Prediction Bot...
2025-05-18 13:15:58,950 - src.bot - INFO - TelegramBot initialized
2025-05-18 13:15:58,950 - src.bot - INFO - Starting bot...
2025-05-18 13:15:59,445 - httpx - INFO - HTTP Request: POST https://api.telegram.org/bot7667262262:AAFYkfcdd8OZQskNYQPJ9KbVO8rGE3rvouI/getMe "HTTP/1.1 200 OK"
2025-05-18 13:15:59,606 - httpx - INFO - HTTP Request: POST https://api.telegram.org/bot7667262262:AAFYkfcdd8OZQskNYQPJ9KbVO8rGE3rvouI/deleteWebhook "HTTP/1.1 200 OK"
2025-05-18 13:15:59,608 - telegram.ext.Application - INFO - Application started
2025-05-18 13:16:05,629 - httpx - INFO - HTTP Request: POST https://api.telegram.org/bot7667262262:AAFYkfcdd8OZQskNYQPJ9KbVO8rGE3rvouI/getUpdates "HTTP/1.1 200 OK"
2025-05-18 13:16:05,631 - src.model - INFO - Loading existing model from C:\Users\Administrator\XenfoAi\models\forex\BTCUSD\BTCUSD_model.keras
2025-05-18 13:16:05,916 - src.model - INFO - Loaded scaler state for BTCUSD
2025-05-18 13:16:05,917 - src.model - INFO - Initialized ForexModel for BTCUSD H1
2025-05-18 13:16:06,616 - httpx - INFO - HTTP Request: POST https://api.telegram.org/bot7667262262:AAFYkfcdd8OZQskNYQPJ9KbVO8rGE3rvouI/sendMessage "HTTP/1.1 200 OK"
2025-05-18 13:16:09,196 - httpx - INFO - HTTP Request: POST https://api.telegram.org/bot7667262262:AAFYkfcdd8OZQskNYQPJ9KbVO8rGE3rvouI/sendPhoto "HTTP/1.1 200 OK"
2025-05-18 13:16:09,535 - httpx - INFO - HTTP Request: POST https://api.telegram.org/bot7667262262:AAFYkfcdd8OZQskNYQPJ9KbVO8rGE3rvouI/deleteMessage "HTTP/1.1 200 OK"
2025-05-18 13:16:16,089 - httpx - INFO - HTTP Request: POST https://api.telegram.org/bot7667262262:AAFYkfcdd8OZQskNYQPJ9KbVO8rGE3rvouI/getUpdates "HTTP/1.1 200 OK"
2025-05-18 13:16:26,251 - httpx - INFO - HTTP Request: POST https://api.telegram.org/bot7667262262:AAFYkfcdd8OZQskNYQPJ9KbVO8rGE3rvouI/getUpdates "HTTP/1.1 200 OK"
2025-05-18 13:16:36,413 - httpx - INFO - HTTP Request: POST https://api.telegram.org/bot7667262262:AAFYkfcdd8OZQskNYQPJ9KbVO8rGE3rvouI/getUpdates "HTTP/1.1 200 OK"
2025-05-18 13:16:46,583 - httpx - INFO - HTTP Request: POST https://api.telegram.org/bot7667262262:AAFYkfcdd8OZQskNYQPJ9KbVO8rGE3rvouI/getUpdates "HTTP/1.1 200 OK"
2025-05-18 13:16:56,745 - httpx - INFO - HTTP Request: POST https://api.telegram.org/bot7667262262:AAFYkfcdd8OZQskNYQPJ9KbVO8rGE3rvouI/getUpdates "HTTP/1.1 200 OK"
2025-05-18 13:17:06,906 - httpx - INFO - HTTP Request: POST https://api.telegram.org/bot7667262262:AAFYkfcdd8OZQskNYQPJ9KbVO8rGE3rvouI/getUpdates "HTTP/1.1 200 OK"
2025-05-18 13:17:17,068 - httpx - INFO - HTTP Request: POST https://api.telegram.org/bot7667262262:AAFYkfcdd8OZQskNYQPJ9KbVO8rGE3rvouI/getUpdates "HTTP/1.1 200 OK"
2025-05-18 13:17:27,229 - httpx - INFO - HTTP Request: POST https://api.telegram.org/bot7667262262:AAFYkfcdd8OZQskNYQPJ9KbVO8rGE3rvouI/getUpdates "HTTP/1.1 200 OK"
2025-05-18 13:17:37,390 - httpx - INFO - HTTP Request: POST https://api.telegram.org/bot7667262262:AAFYkfcdd8OZQskNYQPJ9KbVO8rGE3rvouI/getUpdates "HTTP/1.1 200 OK"
2025-05-18 13:17:47,550 - httpx - INFO - HTTP Request: POST https://api.telegram.org/bot7667262262:AAFYkfcdd8OZQskNYQPJ9KbVO8rGE3rvouI/getUpdates "HTTP/1.1 200 OK"
2025-05-18 13:17:57,712 - httpx - INFO - HTTP Request: POST https://api.telegram.org/bot7667262262:AAFYkfcdd8OZQskNYQPJ9KbVO8rGE3rvouI/getUpdates "HTTP/1.1 200 OK"
2025-05-18 13:18:07,873 - httpx - INFO - HTTP Request: POST https://api.telegram.org/bot7667262262:AAFYkfcdd8OZQskNYQPJ9KbVO8rGE3rvouI/getUpdates "HTTP/1.1 200 OK"
2025-05-18 13:18:18,034 - httpx - INFO - HTTP Request: POST https://api.telegram.org/bot7667262262:AAFYkfcdd8OZQskNYQPJ9KbVO8rGE3rvouI/getUpdates "HTTP/1.1 200 OK"
2025-05-18 13:18:28,196 - httpx - INFO - HTTP Request: POST https://api.telegram.org/bot7667262262:AAFYkfcdd8OZQskNYQPJ9KbVO8rGE3rvouI/getUpdates "HTTP/1.1 200 OK"
2025-05-18 13:18:38,365 - httpx - INFO - HTTP Request: POST https://api.telegram.org/bot7667262262:AAFYkfcdd8OZQskNYQPJ9KbVO8rGE3rvouI/getUpdates "HTTP/1.1 200 OK"
2025-05-18 13:18:48,528 - httpx - INFO - HTTP Request: POST https://api.telegram.org/bot7667262262:AAFYkfcdd8OZQskNYQPJ9KbVO8rGE3rvouI/getUpdates "HTTP/1.1 200 OK"
2025-05-18 13:18:58,689 - httpx - INFO - HTTP Request: POST https://api.telegram.org/bot7667262262:AAFYkfcdd8OZQskNYQPJ9KbVO8rGE3rvouI/getUpdates "HTTP/1.1 200 OK"
2025-05-18 13:19:08,849 - httpx - INFO - HTTP Request: POST https://api.telegram.org/bot7667262262:AAFYkfcdd8OZQskNYQPJ9KbVO8rGE3rvouI/getUpdates "HTTP/1.1 200 OK"
2025-05-18 13:19:19,011 - httpx - INFO - HTTP Request: POST https://api.telegram.org/bot7667262262:AAFYkfcdd8OZQskNYQPJ9KbVO8rGE3rvouI/getUpdates "HTTP/1.1 200 OK"
2025-05-18 13:19:29,173 - httpx - INFO - HTTP Request: POST https://api.telegram.org/bot7667262262:AAFYkfcdd8OZQskNYQPJ9KbVO8rGE3rvouI/getUpdates "HTTP/1.1 200 OK"
2025-05-18 13:19:39,339 - httpx - INFO - HTTP Request: POST https://api.telegram.org/bot7667262262:AAFYkfcdd8OZQskNYQPJ9KbVO8rGE3rvouI/getUpdates "HTTP/1.1 200 OK"
2025-05-18 13:19:49,500 - httpx - INFO - HTTP Request: POST https://api.telegram.org/bot7667262262:AAFYkfcdd8OZQskNYQPJ9KbVO8rGE3rvouI/getUpdates "HTTP/1.1 200 OK"
2025-05-18 13:19:59,661 - httpx - INFO - HTTP Request: POST https://api.telegram.org/bot7667262262:AAFYkfcdd8OZQskNYQPJ9KbVO8rGE3rvouI/getUpdates "HTTP/1.1 200 OK"
2025-05-18 13:20:09,823 - httpx - INFO - HTTP Request: POST https://api.telegram.org/bot7667262262:AAFYkfcdd8OZQskNYQPJ9KbVO8rGE3rvouI/getUpdates "HTTP/1.1 200 OK"
2025-05-18 13:20:19,985 - httpx - INFO - HTTP Request: POST https://api.telegram.org/bot7667262262:AAFYkfcdd8OZQskNYQPJ9KbVO8rGE3rvouI/getUpdates "HTTP/1.1 200 OK"
2025-05-18 13:20:30,149 - httpx - INFO - HTTP Request: POST https://api.telegram.org/bot7667262262:AAFYkfcdd8OZQskNYQPJ9KbVO8rGE3rvouI/getUpdates "HTTP/1.1 200 OK"
2025-05-18 13:20:40,310 - httpx - INFO - HTTP Request: POST https://api.telegram.org/bot7667262262:AAFYkfcdd8OZQskNYQPJ9KbVO8rGE3rvouI/getUpdates "HTTP/1.1 200 OK"
2025-05-18 13:20:50,473 - httpx - INFO - HTTP Request: POST https://api.telegram.org/bot7667262262:AAFYkfcdd8OZQskNYQPJ9KbVO8rGE3rvouI/getUpdates "HTTP/1.1 200 OK"
2025-05-18 13:21:00,633 - httpx - INFO - HTTP Request: POST https://api.telegram.org/bot7667262262:AAFYkfcdd8OZQskNYQPJ9KbVO8rGE3rvouI/getUpdates "HTTP/1.1 200 OK"
2025-05-18 13:21:10,796 - httpx - INFO - HTTP Request: POST https://api.telegram.org/bot7667262262:AAFYkfcdd8OZQskNYQPJ9KbVO8rGE3rvouI/getUpdates "HTTP/1.1 200 OK"
2025-05-18 13:21:20,967 - httpx - INFO - HTTP Request: POST https://api.telegram.org/bot7667262262:AAFYkfcdd8OZQskNYQPJ9KbVO8rGE3rvouI/getUpdates "HTTP/1.1 200 OK"
2025-05-18 13:21:31,128 - httpx - INFO - HTTP Request: POST https://api.telegram.org/bot7667262262:AAFYkfcdd8OZQskNYQPJ9KbVO8rGE3rvouI/getUpdates "HTTP/1.1 200 OK"
2025-05-18 13:21:41,290 - httpx - INFO - HTTP Request: POST https://api.telegram.org/bot7667262262:AAFYkfcdd8OZQskNYQPJ9KbVO8rGE3rvouI/getUpdates "HTTP/1.1 200 OK"
2025-05-18 13:21:51,452 - httpx - INFO - HTTP Request: POST https://api.telegram.org/bot7667262262:AAFYkfcdd8OZQskNYQPJ9KbVO8rGE3rvouI/getUpdates "HTTP/1.1 200 OK"
2025-05-18 13:22:01,614 - httpx - INFO - HTTP Request: POST https://api.telegram.org/bot7667262262:AAFYkfcdd8OZQskNYQPJ9KbVO8rGE3rvouI/getUpdates "HTTP/1.1 200 OK"
2025-05-18 13:22:11,776 - httpx - INFO - HTTP Request: POST https://api.telegram.org/bot7667262262:AAFYkfcdd8OZQskNYQPJ9KbVO8rGE3rvouI/getUpdates "HTTP/1.1 200 OK"
2025-05-18 13:22:21,938 - httpx - INFO - HTTP Request: POST https://api.telegram.org/bot7667262262:AAFYkfcdd8OZQskNYQPJ9KbVO8rGE3rvouI/getUpdates "HTTP/1.1 200 OK"
2025-05-18 13:22:32,099 - httpx - INFO - HTTP Request: POST https://api.telegram.org/bot7667262262:AAFYkfcdd8OZQskNYQPJ9KbVO8rGE3rvouI/getUpdates "HTTP/1.1 200 OK"
2025-05-18 13:22:42,262 - httpx - INFO - HTTP Request: POST https://api.telegram.org/bot7667262262:AAFYkfcdd8OZQskNYQPJ9KbVO8rGE3rvouI/getUpdates "HTTP/1.1 200 OK"
2025-05-18 13:22:52,425 - httpx - INFO - HTTP Request: POST https://api.telegram.org/bot7667262262:AAFYkfcdd8OZQskNYQPJ9KbVO8rGE3rvouI/getUpdates "HTTP/1.1 200 OK"
2025-05-18 13:23:02,587 - httpx - INFO - HTTP Request: POST https://api.telegram.org/bot7667262262:AAFYkfcdd8OZQskNYQPJ9KbVO8rGE3rvouI/getUpdates "HTTP/1.1 200 OK"
2025-05-18 13:23:12,767 - httpx - INFO - HTTP Request: POST https://api.telegram.org/bot7667262262:AAFYkfcdd8OZQskNYQPJ9KbVO8rGE3rvouI/getUpdates "HTTP/1.1 200 OK"
2025-05-18 13:23:22,929 - httpx - INFO - HTTP Request: POST https://api.telegram.org/bot7667262262:AAFYkfcdd8OZQskNYQPJ9KbVO8rGE3rvouI/getUpdates "HTTP/1.1 200 OK"
2025-05-18 13:23:33,092 - httpx - INFO - HTTP Request: POST https://api.telegram.org/bot7667262262:AAFYkfcdd8OZQskNYQPJ9KbVO8rGE3rvouI/getUpdates "HTTP/1.1 200 OK"
2025-05-18 13:23:43,252 - httpx - INFO - HTTP Request: POST https://api.telegram.org/bot7667262262:AAFYkfcdd8OZQskNYQPJ9KbVO8rGE3rvouI/getUpdates "HTTP/1.1 200 OK"
2025-05-18 13:23:53,422 - httpx - INFO - HTTP Request: POST https://api.telegram.org/bot7667262262:AAFYkfcdd8OZQskNYQPJ9KbVO8rGE3rvouI/getUpdates "HTTP/1.1 200 OK"
2025-05-18 13:24:03,584 - httpx - INFO - HTTP Request: POST https://api.telegram.org/bot7667262262:AAFYkfcdd8OZQskNYQPJ9KbVO8rGE3rvouI/getUpdates "HTTP/1.1 200 OK"
2025-05-18 13:24:13,746 - httpx - INFO - HTTP Request: POST https://api.telegram.org/bot7667262262:AAFYkfcdd8OZQskNYQPJ9KbVO8rGE3rvouI/getUpdates "HTTP/1.1 200 OK"
2025-05-18 13:24:23,909 - httpx - INFO - HTTP Request: POST https://api.telegram.org/bot7667262262:AAFYkfcdd8OZQskNYQPJ9KbVO8rGE3rvouI/getUpdates "HTTP/1.1 200 OK"
2025-05-18 13:24:34,070 - httpx - INFO - HTTP Request: POST https://api.telegram.org/bot7667262262:AAFYkfcdd8OZQskNYQPJ9KbVO8rGE3rvouI/getUpdates "HTTP/1.1 200 OK"
2025-05-18 13:24:44,231 - httpx - INFO - HTTP Request: POST https://api.telegram.org/bot7667262262:AAFYkfcdd8OZQskNYQPJ9KbVO8rGE3rvouI/getUpdates "HTTP/1.1 200 OK"
2025-05-18 13:24:54,394 - httpx - INFO - HTTP Request: POST https://api.telegram.org/bot7667262262:AAFYkfcdd8OZQskNYQPJ9KbVO8rGE3rvouI/getUpdates "HTTP/1.1 200 OK"
2025-05-18 13:25:04,557 - httpx - INFO - HTTP Request: POST https://api.telegram.org/bot7667262262:AAFYkfcdd8OZQskNYQPJ9KbVO8rGE3rvouI/getUpdates "HTTP/1.1 200 OK"
2025-05-18 13:25:14,719 - httpx - INFO - HTTP Request: POST https://api.telegram.org/bot7667262262:AAFYkfcdd8OZQskNYQPJ9KbVO8rGE3rvouI/getUpdates "HTTP/1.1 200 OK"
2025-05-18 13:25:24,880 - httpx - INFO - HTTP Request: POST https://api.telegram.org/bot7667262262:AAFYkfcdd8OZQskNYQPJ9KbVO8rGE3rvouI/getUpdates "HTTP/1.1 200 OK"
2025-05-18 13:25:32,645 - httpx - INFO - HTTP Request: POST https://api.telegram.org/bot7667262262:AAFYkfcdd8OZQskNYQPJ9KbVO8rGE3rvouI/getUpdates "HTTP/1.1 200 OK"
2025-05-18 13:25:32,647 - src.model - INFO - Loading existing model from C:\Users\Administrator\XenfoAi\models\forex\ETHUSD\ETHUSD_model.keras
2025-05-18 13:25:32,844 - src.model - INFO - Loaded scaler state for ETHUSD
2025-05-18 13:25:32,844 - src.model - INFO - Initialized ForexModel for ETHUSD H1
2025-05-18 13:25:33,518 - httpx - INFO - HTTP Request: POST https://api.telegram.org/bot7667262262:AAFYkfcdd8OZQskNYQPJ9KbVO8rGE3rvouI/sendMessage "HTTP/1.1 200 OK"
2025-05-18 13:25:35,856 - httpx - INFO - HTTP Request: POST https://api.telegram.org/bot7667262262:AAFYkfcdd8OZQskNYQPJ9KbVO8rGE3rvouI/sendPhoto "HTTP/1.1 200 OK"
2025-05-18 13:25:36,194 - httpx - INFO - HTTP Request: POST https://api.telegram.org/bot7667262262:AAFYkfcdd8OZQskNYQPJ9KbVO8rGE3rvouI/deleteMessage "HTTP/1.1 200 OK"
2025-05-18 13:25:43,031 - httpx - INFO - HTTP Request: POST https://api.telegram.org/bot7667262262:AAFYkfcdd8OZQskNYQPJ9KbVO8rGE3rvouI/getUpdates "HTTP/1.1 200 OK"
2025-05-18 13:25:53,193 - httpx - INFO - HTTP Request: POST https://api.telegram.org/bot7667262262:AAFYkfcdd8OZQskNYQPJ9KbVO8rGE3rvouI/getUpdates "HTTP/1.1 200 OK"
2025-05-18 13:26:03,356 - httpx - INFO - HTTP Request: POST https://api.telegram.org/bot7667262262:AAFYkfcdd8OZQskNYQPJ9KbVO8rGE3rvouI/getUpdates "HTTP/1.1 200 OK"
2025-05-18 13:26:13,518 - httpx - INFO - HTTP Request: POST https://api.telegram.org/bot7667262262:AAFYkfcdd8OZQskNYQPJ9KbVO8rGE3rvouI/getUpdates "HTTP/1.1 200 OK"
2025-05-18 13:26:23,681 - httpx - INFO - HTTP Request: POST https://api.telegram.org/bot7667262262:AAFYkfcdd8OZQskNYQPJ9KbVO8rGE3rvouI/getUpdates "HTTP/1.1 200 OK"
2025-05-18 13:26:33,843 - httpx - INFO - HTTP Request: POST https://api.telegram.org/bot7667262262:AAFYkfcdd8OZQskNYQPJ9KbVO8rGE3rvouI/getUpdates "HTTP/1.1 200 OK"
2025-05-18 13:26:44,006 - httpx - INFO - HTTP Request: POST https://api.telegram.org/bot7667262262:AAFYkfcdd8OZQskNYQPJ9KbVO8rGE3rvouI/getUpdates "HTTP/1.1 200 OK"
2025-05-18 13:26:54,167 - httpx - INFO - HTTP Request: POST https://api.telegram.org/bot7667262262:AAFYkfcdd8OZQskNYQPJ9KbVO8rGE3rvouI/getUpdates "HTTP/1.1 200 OK"
2025-05-18 13:27:04,329 - httpx - INFO - HTTP Request: POST https://api.telegram.org/bot7667262262:AAFYkfcdd8OZQskNYQPJ9KbVO8rGE3rvouI/getUpdates "HTTP/1.1 200 OK"
2025-05-18 13:27:14,491 - httpx - INFO - HTTP Request: POST https://api.telegram.org/bot7667262262:AAFYkfcdd8OZQskNYQPJ9KbVO8rGE3rvouI/getUpdates "HTTP/1.1 200 OK"
2025-05-18 13:27:24,653 - httpx - INFO - HTTP Request: POST https://api.telegram.org/bot7667262262:AAFYkfcdd8OZQskNYQPJ9KbVO8rGE3rvouI/getUpdates "HTTP/1.1 200 OK"
2025-05-18 13:27:34,814 - httpx - INFO - HTTP Request: POST https://api.telegram.org/bot7667262262:AAFYkfcdd8OZQskNYQPJ9KbVO8rGE3rvouI/getUpdates "HTTP/1.1 200 OK"
2025-05-18 13:27:44,976 - httpx - INFO - HTTP Request: POST https://api.telegram.org/bot7667262262:AAFYkfcdd8OZQskNYQPJ9KbVO8rGE3rvouI/getUpdates "HTTP/1.1 200 OK"
2025-05-18 13:27:55,137 - httpx - INFO - HTTP Request: POST https://api.telegram.org/bot7667262262:AAFYkfcdd8OZQskNYQPJ9KbVO8rGE3rvouI/getUpdates "HTTP/1.1 200 OK"
2025-05-18 13:28:05,298 - httpx - INFO - HTTP Request: POST https://api.telegram.org/bot7667262262:AAFYkfcdd8OZQskNYQPJ9KbVO8rGE3rvouI/getUpdates "HTTP/1.1 200 OK"
2025-05-18 13:28:15,461 - httpx - INFO - HTTP Request: POST https://api.telegram.org/bot7667262262:AAFYkfcdd8OZQskNYQPJ9KbVO8rGE3rvouI/getUpdates "HTTP/1.1 200 OK"
2025-05-18 13:28:25,622 - httpx - INFO - HTTP Request: POST https://api.telegram.org/bot7667262262:AAFYkfcdd8OZQskNYQPJ9KbVO8rGE3rvouI/getUpdates "HTTP/1.1 200 OK"
2025-05-18 13:28:35,873 - httpx - INFO - HTTP Request: POST https://api.telegram.org/bot7667262262:AAFYkfcdd8OZQskNYQPJ9KbVO8rGE3rvouI/getUpdates "HTTP/1.1 200 OK"
2025-05-18 13:28:46,085 - httpx - INFO - HTTP Request: POST https://api.telegram.org/bot7667262262:AAFYkfcdd8OZQskNYQPJ9KbVO8rGE3rvouI/getUpdates "HTTP/1.1 200 OK"
2025-05-18 13:28:56,266 - httpx - INFO - HTTP Request: POST https://api.telegram.org/bot7667262262:AAFYkfcdd8OZQskNYQPJ9KbVO8rGE3rvouI/getUpdates "HTTP/1.1 200 OK"
2025-05-18 13:29:06,490 - httpx - INFO - HTTP Request: POST https://api.telegram.org/bot7667262262:AAFYkfcdd8OZQskNYQPJ9KbVO8rGE3rvouI/getUpdates "HTTP/1.1 200 OK"
2025-05-18 13:29:16,651 - httpx - INFO - HTTP Request: POST https://api.telegram.org/bot7667262262:AAFYkfcdd8OZQskNYQPJ9KbVO8rGE3rvouI/getUpdates "HTTP/1.1 200 OK"
2025-05-18 13:29:26,812 - httpx - INFO - HTTP Request: POST https://api.telegram.org/bot7667262262:AAFYkfcdd8OZQskNYQPJ9KbVO8rGE3rvouI/getUpdates "HTTP/1.1 200 OK"
2025-05-18 13:29:36,974 - httpx - INFO - HTTP Request: POST https://api.telegram.org/bot7667262262:AAFYkfcdd8OZQskNYQPJ9KbVO8rGE3rvouI/getUpdates "HTTP/1.1 200 OK"
2025-05-18 13:29:47,135 - httpx - INFO - HTTP Request: POST https://api.telegram.org/bot7667262262:AAFYkfcdd8OZQskNYQPJ9KbVO8rGE3rvouI/getUpdates "HTTP/1.1 200 OK"
2025-05-18 13:29:57,297 - httpx - INFO - HTTP Request: POST https://api.telegram.org/bot7667262262:AAFYkfcdd8OZQskNYQPJ9KbVO8rGE3rvouI/getUpdates "HTTP/1.1 200 OK"
2025-05-18 13:30:07,460 - httpx - INFO - HTTP Request: POST https://api.telegram.org/bot7667262262:AAFYkfcdd8OZQskNYQPJ9KbVO8rGE3rvouI/getUpdates "HTTP/1.1 200 OK"
2025-05-18 13:30:17,622 - httpx - INFO - HTTP Request: POST https://api.telegram.org/bot7667262262:AAFYkfcdd8OZQskNYQPJ9KbVO8rGE3rvouI/getUpdates "HTTP/1.1 200 OK"
2025-05-18 13:30:27,784 - httpx - INFO - HTTP Request: POST https://api.telegram.org/bot7667262262:AAFYkfcdd8OZQskNYQPJ9KbVO8rGE3rvouI/getUpdates "HTTP/1.1 200 OK"
2025-05-18 13:30:37,951 - httpx - INFO - HTTP Request: POST https://api.telegram.org/bot7667262262:AAFYkfcdd8OZQskNYQPJ9KbVO8rGE3rvouI/getUpdates "HTTP/1.1 200 OK"
2025-05-18 13:30:48,171 - httpx - INFO - HTTP Request: POST https://api.telegram.org/bot7667262262:AAFYkfcdd8OZQskNYQPJ9KbVO8rGE3rvouI/getUpdates "HTTP/1.1 200 OK"
2025-05-18 13:30:58,406 - httpx - INFO - HTTP Request: POST https://api.telegram.org/bot7667262262:AAFYkfcdd8OZQskNYQPJ9KbVO8rGE3rvouI/getUpdates "HTTP/1.1 200 OK"
2025-05-18 13:31:08,648 - httpx - INFO - HTTP Request: POST https://api.telegram.org/bot7667262262:AAFYkfcdd8OZQskNYQPJ9KbVO8rGE3rvouI/getUpdates "HTTP/1.1 200 OK"
2025-05-18 13:31:18,808 - httpx - INFO - HTTP Request: POST https://api.telegram.org/bot7667262262:AAFYkfcdd8OZQskNYQPJ9KbVO8rGE3rvouI/getUpdates "HTTP/1.1 200 OK"
2025-05-18 13:31:28,970 - httpx - INFO - HTTP Request: POST https://api.telegram.org/bot7667262262:AAFYkfcdd8OZQskNYQPJ9KbVO8rGE3rvouI/getUpdates "HTTP/1.1 200 OK"
2025-05-18 13:31:39,133 - httpx - INFO - HTTP Request: POST https://api.telegram.org/bot7667262262:AAFYkfcdd8OZQskNYQPJ9KbVO8rGE3rvouI/getUpdates "HTTP/1.1 200 OK"
2025-05-18 13:31:49,294 - httpx - INFO - HTTP Request: POST https://api.telegram.org/bot7667262262:AAFYkfcdd8OZQskNYQPJ9KbVO8rGE3rvouI/getUpdates "HTTP/1.1 200 OK"
2025-05-18 13:31:59,455 - httpx - INFO - HTTP Request: POST https://api.telegram.org/bot7667262262:AAFYkfcdd8OZQskNYQPJ9KbVO8rGE3rvouI/getUpdates "HTTP/1.1 200 OK"
2025-05-18 13:32:09,616 - httpx - INFO - HTTP Request: POST https://api.telegram.org/bot7667262262:AAFYkfcdd8OZQskNYQPJ9KbVO8rGE3rvouI/getUpdates "HTTP/1.1 200 OK"
2025-05-18 13:32:19,777 - httpx - INFO - HTTP Request: POST https://api.telegram.org/bot7667262262:AAFYkfcdd8OZQskNYQPJ9KbVO8rGE3rvouI/getUpdates "HTTP/1.1 200 OK"
2025-05-18 13:32:29,938 - httpx - INFO - HTTP Request: POST https://api.telegram.org/bot7667262262:AAFYkfcdd8OZQskNYQPJ9KbVO8rGE3rvouI/getUpdates "HTTP/1.1 200 OK"
2025-05-18 13:32:40,102 - httpx - INFO - HTTP Request: POST https://api.telegram.org/bot7667262262:AAFYkfcdd8OZQskNYQPJ9KbVO8rGE3rvouI/getUpdates "HTTP/1.1 200 OK"
2025-05-18 13:32:50,263 - httpx - INFO - HTTP Request: POST https://api.telegram.org/bot7667262262:AAFYkfcdd8OZQskNYQPJ9KbVO8rGE3rvouI/getUpdates "HTTP/1.1 200 OK"
2025-05-18 13:33:00,753 - httpx - INFO - HTTP Request: POST https://api.telegram.org/bot7667262262:AAFYkfcdd8OZQskNYQPJ9KbVO8rGE3rvouI/getUpdates "HTTP/1.1 200 OK"
2025-05-18 13:33:10,920 - httpx - INFO - HTTP Request: POST https://api.telegram.org/bot7667262262:AAFYkfcdd8OZQskNYQPJ9KbVO8rGE3rvouI/getUpdates "HTTP/1.1 200 OK"
2025-05-18 13:33:21,086 - httpx - INFO - HTTP Request: POST https://api.telegram.org/bot7667262262:AAFYkfcdd8OZQskNYQPJ9KbVO8rGE3rvouI/getUpdates "HTTP/1.1 200 OK"
2025-05-18 13:33:31,252 - httpx - INFO - HTTP Request: POST https://api.telegram.org/bot7667262262:AAFYkfcdd8OZQskNYQPJ9KbVO8rGE3rvouI/getUpdates "HTTP/1.1 200 OK"
2025-05-18 13:33:41,416 - httpx - INFO - HTTP Request: POST https://api.telegram.org/bot7667262262:AAFYkfcdd8OZQskNYQPJ9KbVO8rGE3rvouI/getUpdates "HTTP/1.1 200 OK"
2025-05-18 13:33:51,580 - httpx - INFO - HTTP Request: POST https://api.telegram.org/bot7667262262:AAFYkfcdd8OZQskNYQPJ9KbVO8rGE3rvouI/getUpdates "HTTP/1.1 200 OK"
2025-05-18 13:34:01,744 - httpx - INFO - HTTP Request: POST https://api.telegram.org/bot7667262262:AAFYkfcdd8OZQskNYQPJ9KbVO8rGE3rvouI/getUpdates "HTTP/1.1 200 OK"
2025-05-18 13:34:11,910 - httpx - INFO - HTTP Request: POST https://api.telegram.org/bot7667262262:AAFYkfcdd8OZQskNYQPJ9KbVO8rGE3rvouI/getUpdates "HTTP/1.1 200 OK"
2025-05-18 13:34:22,074 - httpx - INFO - HTTP Request: POST https://api.telegram.org/bot7667262262:AAFYkfcdd8OZQskNYQPJ9KbVO8rGE3rvouI/getUpdates "HTTP/1.1 200 OK"
2025-05-18 13:34:32,241 - httpx - INFO - HTTP Request: POST https://api.telegram.org/bot7667262262:AAFYkfcdd8OZQskNYQPJ9KbVO8rGE3rvouI/getUpdates "HTTP/1.1 200 OK"
2025-05-18 13:34:42,406 - httpx - INFO - HTTP Request: POST https://api.telegram.org/bot7667262262:AAFYkfcdd8OZQskNYQPJ9KbVO8rGE3rvouI/getUpdates "HTTP/1.1 200 OK"
2025-05-18 13:34:52,568 - httpx - INFO - HTTP Request: POST https://api.telegram.org/bot7667262262:AAFYkfcdd8OZQskNYQPJ9KbVO8rGE3rvouI/getUpdates "HTTP/1.1 200 OK"
2025-05-18 13:35:02,741 - httpx - INFO - HTTP Request: POST https://api.telegram.org/bot7667262262:AAFYkfcdd8OZQskNYQPJ9KbVO8rGE3rvouI/getUpdates "HTTP/1.1 200 OK"
2025-05-18 13:35:12,903 - httpx - INFO - HTTP Request: POST https://api.telegram.org/bot7667262262:AAFYkfcdd8OZQskNYQPJ9KbVO8rGE3rvouI/getUpdates "HTTP/1.1 200 OK"
2025-05-18 13:35:23,067 - httpx - INFO - HTTP Request: POST https://api.telegram.org/bot7667262262:AAFYkfcdd8OZQskNYQPJ9KbVO8rGE3rvouI/getUpdates "HTTP/1.1 200 OK"
2025-05-18 13:35:33,230 - httpx - INFO - HTTP Request: POST https://api.telegram.org/bot7667262262:AAFYkfcdd8OZQskNYQPJ9KbVO8rGE3rvouI/getUpdates "HTTP/1.1 200 OK"
2025-05-18 13:35:43,391 - httpx - INFO - HTTP Request: POST https://api.telegram.org/bot7667262262:AAFYkfcdd8OZQskNYQPJ9KbVO8rGE3rvouI/getUpdates "HTTP/1.1 200 OK"
2025-05-18 13:35:53,554 - httpx - INFO - HTTP Request: POST https://api.telegram.org/bot7667262262:AAFYkfcdd8OZQskNYQPJ9KbVO8rGE3rvouI/getUpdates "HTTP/1.1 200 OK"
2025-05-18 13:36:03,718 - httpx - INFO - HTTP Request: POST https://api.telegram.org/bot7667262262:AAFYkfcdd8OZQskNYQPJ9KbVO8rGE3rvouI/getUpdates "HTTP/1.1 200 OK"
2025-05-18 13:36:13,884 - httpx - INFO - HTTP Request: POST https://api.telegram.org/bot7667262262:AAFYkfcdd8OZQskNYQPJ9KbVO8rGE3rvouI/getUpdates "HTTP/1.1 200 OK"
2025-05-18 13:36:24,044 - httpx - INFO - HTTP Request: POST https://api.telegram.org/bot7667262262:AAFYkfcdd8OZQskNYQPJ9KbVO8rGE3rvouI/getUpdates "HTTP/1.1 200 OK"
2025-05-18 13:36:34,213 - httpx - INFO - HTTP Request: POST https://api.telegram.org/bot7667262262:AAFYkfcdd8OZQskNYQPJ9KbVO8rGE3rvouI/getUpdates "HTTP/1.1 200 OK"
2025-05-18 13:36:44,380 - httpx - INFO - HTTP Request: POST https://api.telegram.org/bot7667262262:AAFYkfcdd8OZQskNYQPJ9KbVO8rGE3rvouI/getUpdates "HTTP/1.1 200 OK"
2025-05-18 13:36:54,541 - httpx - INFO - HTTP Request: POST https://api.telegram.org/bot7667262262:AAFYkfcdd8OZQskNYQPJ9KbVO8rGE3rvouI/getUpdates "HTTP/1.1 200 OK"
2025-05-18 13:37:04,706 - httpx - INFO - HTTP Request: POST https://api.telegram.org/bot7667262262:AAFYkfcdd8OZQskNYQPJ9KbVO8rGE3rvouI/getUpdates "HTTP/1.1 200 OK"
2025-05-18 13:37:14,869 - httpx - INFO - HTTP Request: POST https://api.telegram.org/bot7667262262:AAFYkfcdd8OZQskNYQPJ9KbVO8rGE3rvouI/getUpdates "HTTP/1.1 200 OK"
2025-05-18 13:37:25,030 - httpx - INFO - HTTP Request: POST https://api.telegram.org/bot7667262262:AAFYkfcdd8OZQskNYQPJ9KbVO8rGE3rvouI/getUpdates "HTTP/1.1 200 OK"
2025-05-18 13:37:35,193 - httpx - INFO - HTTP Request: POST https://api.telegram.org/bot7667262262:AAFYkfcdd8OZQskNYQPJ9KbVO8rGE3rvouI/getUpdates "HTTP/1.1 200 OK"
2025-05-18 13:37:45,356 - httpx - INFO - HTTP Request: POST https://api.telegram.org/bot7667262262:AAFYkfcdd8OZQskNYQPJ9KbVO8rGE3rvouI/getUpdates "HTTP/1.1 200 OK"
2025-05-18 13:37:55,523 - httpx - INFO - HTTP Request: POST https://api.telegram.org/bot7667262262:AAFYkfcdd8OZQskNYQPJ9KbVO8rGE3rvouI/getUpdates "HTTP/1.1 200 OK"
2025-05-18 13:38:05,688 - httpx - INFO - HTTP Request: POST https://api.telegram.org/bot7667262262:AAFYkfcdd8OZQskNYQPJ9KbVO8rGE3rvouI/getUpdates "HTTP/1.1 200 OK"
2025-05-18 13:38:15,851 - httpx - INFO - HTTP Request: POST https://api.telegram.org/bot7667262262:AAFYkfcdd8OZQskNYQPJ9KbVO8rGE3rvouI/getUpdates "HTTP/1.1 200 OK"
2025-05-18 13:38:26,015 - httpx - INFO - HTTP Request: POST https://api.telegram.org/bot7667262262:AAFYkfcdd8OZQskNYQPJ9KbVO8rGE3rvouI/getUpdates "HTTP/1.1 200 OK"
2025-05-18 13:38:36,176 - httpx - INFO - HTTP Request: POST https://api.telegram.org/bot7667262262:AAFYkfcdd8OZQskNYQPJ9KbVO8rGE3rvouI/getUpdates "HTTP/1.1 200 OK"
2025-05-18 13:38:46,347 - httpx - INFO - HTTP Request: POST https://api.telegram.org/bot7667262262:AAFYkfcdd8OZQskNYQPJ9KbVO8rGE3rvouI/getUpdates "HTTP/1.1 200 OK"
2025-05-18 13:38:56,508 - httpx - INFO - HTTP Request: POST https://api.telegram.org/bot7667262262:AAFYkfcdd8OZQskNYQPJ9KbVO8rGE3rvouI/getUpdates "HTTP/1.1 200 OK"
2025-05-18 13:39:06,674 - httpx - INFO - HTTP Request: POST https://api.telegram.org/bot7667262262:AAFYkfcdd8OZQskNYQPJ9KbVO8rGE3rvouI/getUpdates "HTTP/1.1 200 OK"
2025-05-18 13:39:16,841 - httpx - INFO - HTTP Request: POST https://api.telegram.org/bot7667262262:AAFYkfcdd8OZQskNYQPJ9KbVO8rGE3rvouI/getUpdates "HTTP/1.1 200 OK"
2025-05-18 13:39:27,011 - httpx - INFO - HTTP Request: POST https://api.telegram.org/bot7667262262:AAFYkfcdd8OZQskNYQPJ9KbVO8rGE3rvouI/getUpdates "HTTP/1.1 200 OK"
2025-05-18 13:39:37,174 - httpx - INFO - HTTP Request: POST https://api.telegram.org/bot7667262262:AAFYkfcdd8OZQskNYQPJ9KbVO8rGE3rvouI/getUpdates "HTTP/1.1 200 OK"
2025-05-18 13:39:47,340 - httpx - INFO - HTTP Request: POST https://api.telegram.org/bot7667262262:AAFYkfcdd8OZQskNYQPJ9KbVO8rGE3rvouI/getUpdates "HTTP/1.1 200 OK"
2025-05-18 13:39:57,503 - httpx - INFO - HTTP Request: POST https://api.telegram.org/bot7667262262:AAFYkfcdd8OZQskNYQPJ9KbVO8rGE3rvouI/getUpdates "HTTP/1.1 200 OK"
2025-05-18 13:40:07,667 - httpx - INFO - HTTP Request: POST https://api.telegram.org/bot7667262262:AAFYkfcdd8OZQskNYQPJ9KbVO8rGE3rvouI/getUpdates "HTTP/1.1 200 OK"
2025-05-18 13:40:17,830 - httpx - INFO - HTTP Request: POST https://api.telegram.org/bot7667262262:AAFYkfcdd8OZQskNYQPJ9KbVO8rGE3rvouI/getUpdates "HTTP/1.1 200 OK"
2025-05-18 13:40:21,990 - httpx - INFO - HTTP Request: POST https://api.telegram.org/bot7667262262:AAFYkfcdd8OZQskNYQPJ9KbVO8rGE3rvouI/getUpdates "HTTP/1.1 200 OK"
2025-05-18 13:40:21,991 - telegram.ext.Application - INFO - Application is stopping. This might take a moment.
2025-05-18 13:40:21,992 - telegram.ext.Application - INFO - Application.stop() complete
